

Microchip MPLAB XC8 Assembler V3.10 build 20250813170317 
                                                                                               Fri Feb 27 09:13:49 2026

Microchip MPLAB XC8 C Compiler v3.10 (Free license) build 20250813170317 Og1 
     1                           	processor	18F4580
     2                           	fnconf	rparam,??,?,0
     3                           	pagewidth 120
     4                           	opt	flic
     5                           	psect	idataCOMRAM,global,class=CODE,space=0,delta=1,noexec
     6                           	psect	nvCOMRAM,global,class=COMRAM,space=1,delta=1,lowdata,noexec
     7                           	psect	cinit,global,reloc=2,class=CODE,space=0,delta=1
     8                           	psect	bssCOMRAM,global,class=COMRAM,space=1,delta=1,lowdata,noexec
     9                           	psect	dataCOMRAM,global,class=COMRAM,space=1,delta=1,lowdata,noexec
    10                           	psect	cstackCOMRAM,global,class=COMRAM,space=1,delta=1,lowdata,noexec
    11                           	psect	text0,global,reloc=2,class=CODE,space=0,delta=1
    12                           	psect	text1,global,reloc=2,class=CODE,space=0,delta=1
    13                           	psect	text2,global,reloc=2,class=CODE,space=0,delta=1
    14                           	psect	text3,global,reloc=2,class=CODE,space=0,delta=1
    15                           	psect	smallconst,global,reloc=2,class=SMALLCONST,space=0,delta=1,noexec
    16                           	psect	intsave_regs,global,class=BIGRAM,space=1,delta=1,noexec
    17                           	psect	rparam,global,class=COMRAM,space=1,delta=1,noexec
    18                           	psect	idloc,global,abs,ovrld,class=IDLOC,space=5,delta=1,noexec
    19                           	psect	config,global,abs,ovrld,class=CONFIG,space=4,delta=1,noexec
    20   000000                     
    21                           ; Version 2.40
    22                           ; Generated 17/11/2021 GMT
    23                           ; 
    24                           ; Copyright © 2021, Microchip Technology Inc. and its subsidiaries ("Microchip")
    25                           ; All rights reserved.
    26                           ; 
    27                           ; This software is developed by Microchip Technology Inc. and its subsidiaries ("Microch
      +                          ip").
    28                           ; 
    29                           ; Redistribution and use in source and binary forms, with or without modification, are
    30                           ; permitted provided that the following conditions are met:
    31                           ; 
    32                           ;     1. Redistributions of source code must retain the above copyright notice, this lis
      +                          t of
    33                           ;        conditions and the following disclaimer.
    34                           ; 
    35                           ;     2. Redistributions in binary form must reproduce the above copyright notice, this 
      +                          list
    36                           ;        of conditions and the following disclaimer in the documentation and/or other
    37                           ;        materials provided with the distribution. Publication is not required when
    38                           ;        this file is used in an embedded application.
    39                           ; 
    40                           ;     3. Microchip's name may not be used to endorse or promote products derived from th
      +                          is
    41                           ;        software without specific prior written permission.
    42                           ; 
    43                           ; THIS SOFTWARE IS PROVIDED BY MICROCHIP "AS IS" AND ANY EXPRESS OR IMPLIED WARRANTIES,
    44                           ; INCLUDING, BUT NOT LIMITED TO, THE IMPLIED WARRANTIES OF MERCHANTABILITY AND FITNESS F
      +                          OR
    45                           ; PURPOSE ARE DISCLAIMED.  IN NO EVENT SHALL MICROCHIP BE LIABLE FOR ANY DIRECT, INDIREC
      +                          T,
    46                           ; INCIDENTAL, SPECIAL, EXEMPLARY, OR CONSEQUENTIAL DAMAGES (INCLUDING BUT NOT LIMITED TO
    47                           ; PROCUREMENT OF SUBSTITUTE GOODS OR SERVICES; LOSS OF USE, DATA OR PROFITS; OR BUSINESS
    48                           ; INTERRUPTION) HOWSOEVER CAUSED AND ON ANY THEORY OF LIABILITY, WHETHER IN CONTRACT, ST
      +                          RICT
    49                           ; LIABILITY, OR TORT (INCLUDING NEGLIGENCE OR OTHERWISE) ARISING IN ANY WAY OUT OF THE U
      +                          SE OF
    50                           ; THIS SOFTWARE, EVEN IF ADVISED OF THE POSSIBILITY OF SUCH DAMAGE.
    51                           ; 
    52                           ; 
    53                           ; Code-generator required, PIC18F4580 Definitions
    54                           ; 
    55                           ; SFR Addresses
    56   000FE0                     bsr             equ	4064
    57   000FE9                     fsr0            equ	4073
    58   000FEA                     fsr0h           equ	4074
    59   000FE9                     fsr0l           equ	4073
    60   000FE1                     fsr1            equ	4065
    61   000FE2                     fsr1h           equ	4066
    62   000FE1                     fsr1l           equ	4065
    63   000FD9                     fsr2            equ	4057
    64   000FDA                     fsr2h           equ	4058
    65   000FD9                     fsr2l           equ	4057
    66   000FEF                     indf0           equ	4079
    67   000FE7                     indf1           equ	4071
    68   000FDF                     indf2           equ	4063
    69   000FF2                     intcon          equ	4082
    70   000000                     nvmcon          equ	0
    71   000FF9                     pcl             equ	4089
    72   000FFA                     pclath          equ	4090
    73   000FFB                     pclatu          equ	4091
    74   000FEB                     plusw0          equ	4075
    75   000FE3                     plusw1          equ	4067
    76   000FDB                     plusw2          equ	4059
    77   000FED                     postdec0        equ	4077
    78   000FE5                     postdec1        equ	4069
    79   000FDD                     postdec2        equ	4061
    80   000FEE                     postinc0        equ	4078
    81   000FE6                     postinc1        equ	4070
    82   000FDE                     postinc2        equ	4062
    83   000FEC                     preinc0         equ	4076
    84   000FE4                     preinc1         equ	4068
    85   000FDC                     preinc2         equ	4060
    86   000FF3                     prod            equ	4083
    87   000FF4                     prodh           equ	4084
    88   000FF3                     prodl           equ	4083
    89   000FD8                     status          equ	4056
    90   000FF5                     tablat          equ	4085
    91   000FF6                     tblptr          equ	4086
    92   000FF7                     tblptrh         equ	4087
    93   000FF6                     tblptrl         equ	4086
    94   000FF8                     tblptru         equ	4088
    95   000FFD                     tosl            equ	4093
    96   000FE8                     wreg            equ	4072
    97   000D60                     RXF6SIDH        equ	3424	;# 
    98   000D61                     RXF6SIDL        equ	3425	;# 
    99   000D62                     RXF6EIDH        equ	3426	;# 
   100   000D63                     RXF6EIDL        equ	3427	;# 
   101   000D64                     RXF7SIDH        equ	3428	;# 
   102   000D65                     RXF7SIDL        equ	3429	;# 
   103   000D66                     RXF7EIDH        equ	3430	;# 
   104   000D67                     RXF7EIDL        equ	3431	;# 
   105   000D68                     RXF8SIDH        equ	3432	;# 
   106   000D69                     RXF8SIDL        equ	3433	;# 
   107   000D6A                     RXF8EIDH        equ	3434	;# 
   108   000D6B                     RXF8EIDL        equ	3435	;# 
   109   000D70                     RXF9SIDH        equ	3440	;# 
   110   000D71                     RXF9SIDL        equ	3441	;# 
   111   000D72                     RXF9EIDH        equ	3442	;# 
   112   000D73                     RXF9EIDL        equ	3443	;# 
   113   000D74                     RXF10SIDH       equ	3444	;# 
   114   000D75                     RXF10SIDL       equ	3445	;# 
   115   000D76                     RXF10EIDH       equ	3446	;# 
   116   000D77                     RXF10EIDL       equ	3447	;# 
   117   000D78                     RXF11SIDH       equ	3448	;# 
   118   000D79                     RXF11SIDL       equ	3449	;# 
   119   000D7A                     RXF11EIDH       equ	3450	;# 
   120   000D7B                     RXF11EIDL       equ	3451	;# 
   121   000D80                     RXF12SIDH       equ	3456	;# 
   122   000D81                     RXF12SIDL       equ	3457	;# 
   123   000D82                     RXF12EIDH       equ	3458	;# 
   124   000D83                     RXF12EIDL       equ	3459	;# 
   125   000D84                     RXF13SIDH       equ	3460	;# 
   126   000D85                     RXF13SIDL       equ	3461	;# 
   127   000D86                     RXF13EIDH       equ	3462	;# 
   128   000D87                     RXF13EIDL       equ	3463	;# 
   129   000D88                     RXF14SIDH       equ	3464	;# 
   130   000D89                     RXF14SIDL       equ	3465	;# 
   131   000D8A                     RXF14EIDH       equ	3466	;# 
   132   000D8B                     RXF14EIDL       equ	3467	;# 
   133   000D90                     RXF15SIDH       equ	3472	;# 
   134   000D91                     RXF15SIDL       equ	3473	;# 
   135   000D92                     RXF15EIDH       equ	3474	;# 
   136   000D93                     RXF15EIDL       equ	3475	;# 
   137   000DD4                     RXFCON0         equ	3540	;# 
   138   000DD5                     RXFCON1         equ	3541	;# 
   139   000DD8                     SDFLC           equ	3544	;# 
   140   000DE0                     RXFBCON0        equ	3552	;# 
   141   000DE1                     RXFBCON1        equ	3553	;# 
   142   000DE2                     RXFBCON2        equ	3554	;# 
   143   000DE3                     RXFBCON3        equ	3555	;# 
   144   000DE4                     RXFBCON4        equ	3556	;# 
   145   000DE5                     RXFBCON5        equ	3557	;# 
   146   000DE6                     RXFBCON6        equ	3558	;# 
   147   000DE7                     RXFBCON7        equ	3559	;# 
   148   000DF0                     MSEL0           equ	3568	;# 
   149   000DF1                     MSEL1           equ	3569	;# 
   150   000DF2                     MSEL2           equ	3570	;# 
   151   000DF3                     MSEL3           equ	3571	;# 
   152   000DF8                     BSEL0           equ	3576	;# 
   153   000DFA                     BIE0            equ	3578	;# 
   154   000DFC                     TXBIE           equ	3580	;# 
   155   000E20                     B0CON           equ	3616	;# 
   156   000E21                     B0SIDH          equ	3617	;# 
   157   000E22                     B0SIDL          equ	3618	;# 
   158   000E23                     B0EIDH          equ	3619	;# 
   159   000E24                     B0EIDL          equ	3620	;# 
   160   000E25                     B0DLC           equ	3621	;# 
   161   000E26                     B0D0            equ	3622	;# 
   162   000E27                     B0D1            equ	3623	;# 
   163   000E28                     B0D2            equ	3624	;# 
   164   000E29                     B0D3            equ	3625	;# 
   165   000E2A                     B0D4            equ	3626	;# 
   166   000E2B                     B0D5            equ	3627	;# 
   167   000E2C                     B0D6            equ	3628	;# 
   168   000E2D                     B0D7            equ	3629	;# 
   169   000E2E                     CANSTAT_RO9     equ	3630	;# 
   170   000E2F                     CANCON_RO9      equ	3631	;# 
   171   000E30                     B1CON           equ	3632	;# 
   172   000E31                     B1SIDH          equ	3633	;# 
   173   000E32                     B1SIDL          equ	3634	;# 
   174   000E33                     B1EIDH          equ	3635	;# 
   175   000E34                     B1EIDL          equ	3636	;# 
   176   000E35                     B1DLC           equ	3637	;# 
   177   000E36                     B1D0            equ	3638	;# 
   178   000E37                     B1D1            equ	3639	;# 
   179   000E38                     B1D2            equ	3640	;# 
   180   000E39                     B1D3            equ	3641	;# 
   181   000E3A                     B1D4            equ	3642	;# 
   182   000E3B                     B1D5            equ	3643	;# 
   183   000E3C                     B1D6            equ	3644	;# 
   184   000E3D                     B1D7            equ	3645	;# 
   185   000E3E                     CANSTAT_RO8     equ	3646	;# 
   186   000E3F                     CANCON_RO8      equ	3647	;# 
   187   000E40                     B2CON           equ	3648	;# 
   188   000E41                     B2SIDH          equ	3649	;# 
   189   000E42                     B2SIDL          equ	3650	;# 
   190   000E43                     B2EIDH          equ	3651	;# 
   191   000E44                     B2EIDL          equ	3652	;# 
   192   000E45                     B2DLC           equ	3653	;# 
   193   000E46                     B2D0            equ	3654	;# 
   194   000E47                     B2D1            equ	3655	;# 
   195   000E48                     B2D2            equ	3656	;# 
   196   000E49                     B2D3            equ	3657	;# 
   197   000E4A                     B2D4            equ	3658	;# 
   198   000E4B                     B2D5            equ	3659	;# 
   199   000E4C                     B2D6            equ	3660	;# 
   200   000E4D                     B2D7            equ	3661	;# 
   201   000E4E                     CANSTAT_RO7     equ	3662	;# 
   202   000E4F                     CANCON_RO7      equ	3663	;# 
   203   000E50                     B3CON           equ	3664	;# 
   204   000E51                     B3SIDH          equ	3665	;# 
   205   000E52                     B3SIDL          equ	3666	;# 
   206   000E53                     B3EIDH          equ	3667	;# 
   207   000E54                     B3EIDL          equ	3668	;# 
   208   000E55                     B3DLC           equ	3669	;# 
   209   000E56                     B3D0            equ	3670	;# 
   210   000E57                     B3D1            equ	3671	;# 
   211   000E58                     B3D2            equ	3672	;# 
   212   000E59                     B3D3            equ	3673	;# 
   213   000E5A                     B3D4            equ	3674	;# 
   214   000E5B                     B3D5            equ	3675	;# 
   215   000E5C                     B3D6            equ	3676	;# 
   216   000E5D                     B3D7            equ	3677	;# 
   217   000E5E                     CANSTAT_RO6     equ	3678	;# 
   218   000E5F                     CANCON_RO6      equ	3679	;# 
   219   000E60                     B4CON           equ	3680	;# 
   220   000E61                     B4SIDH          equ	3681	;# 
   221   000E62                     B4SIDL          equ	3682	;# 
   222   000E63                     B4EIDH          equ	3683	;# 
   223   000E64                     B4EIDL          equ	3684	;# 
   224   000E65                     B4DLC           equ	3685	;# 
   225   000E66                     B4D0            equ	3686	;# 
   226   000E67                     B4D1            equ	3687	;# 
   227   000E68                     B4D2            equ	3688	;# 
   228   000E69                     B4D3            equ	3689	;# 
   229   000E6A                     B4D4            equ	3690	;# 
   230   000E6B                     B4D5            equ	3691	;# 
   231   000E6C                     B4D6            equ	3692	;# 
   232   000E6D                     B4D7            equ	3693	;# 
   233   000E6E                     CANSTAT_RO5     equ	3694	;# 
   234   000E6F                     CANCON_RO5      equ	3695	;# 
   235   000E70                     B5CON           equ	3696	;# 
   236   000E71                     B5SIDH          equ	3697	;# 
   237   000E72                     B5SIDL          equ	3698	;# 
   238   000E73                     B5EIDH          equ	3699	;# 
   239   000E74                     B5EIDL          equ	3700	;# 
   240   000E75                     B5DLC           equ	3701	;# 
   241   000E76                     B5D0            equ	3702	;# 
   242   000E77                     B5D1            equ	3703	;# 
   243   000E78                     B5D2            equ	3704	;# 
   244   000E79                     B5D3            equ	3705	;# 
   245   000E7A                     B5D4            equ	3706	;# 
   246   000E7B                     B5D5            equ	3707	;# 
   247   000E7C                     B5D6            equ	3708	;# 
   248   000E7D                     B5D7            equ	3709	;# 
   249   000E7E                     CANSTAT_RO4     equ	3710	;# 
   250   000E7F                     CANCON_RO4      equ	3711	;# 
   251   000F00                     RXF0SIDH        equ	3840	;# 
   252   000F01                     RXF0SIDL        equ	3841	;# 
   253   000F02                     RXF0EIDH        equ	3842	;# 
   254   000F03                     RXF0EIDL        equ	3843	;# 
   255   000F04                     RXF1SIDH        equ	3844	;# 
   256   000F05                     RXF1SIDL        equ	3845	;# 
   257   000F06                     RXF1EIDH        equ	3846	;# 
   258   000F07                     RXF1EIDL        equ	3847	;# 
   259   000F08                     RXF2SIDH        equ	3848	;# 
   260   000F09                     RXF2SIDL        equ	3849	;# 
   261   000F0A                     RXF2EIDH        equ	3850	;# 
   262   000F0B                     RXF2EIDL        equ	3851	;# 
   263   000F0C                     RXF3SIDH        equ	3852	;# 
   264   000F0D                     RXF3SIDL        equ	3853	;# 
   265   000F0E                     RXF3EIDH        equ	3854	;# 
   266   000F0F                     RXF3EIDL        equ	3855	;# 
   267   000F10                     RXF4SIDH        equ	3856	;# 
   268   000F11                     RXF4SIDL        equ	3857	;# 
   269   000F12                     RXF4EIDH        equ	3858	;# 
   270   000F13                     RXF4EIDL        equ	3859	;# 
   271   000F14                     RXF5SIDH        equ	3860	;# 
   272   000F15                     RXF5SIDL        equ	3861	;# 
   273   000F16                     RXF5EIDH        equ	3862	;# 
   274   000F17                     RXF5EIDL        equ	3863	;# 
   275   000F18                     RXM0SIDH        equ	3864	;# 
   276   000F19                     RXM0SIDL        equ	3865	;# 
   277   000F1A                     RXM0EIDH        equ	3866	;# 
   278   000F1B                     RXM0EIDL        equ	3867	;# 
   279   000F1C                     RXM1SIDH        equ	3868	;# 
   280   000F1D                     RXM1SIDL        equ	3869	;# 
   281   000F1E                     RXM1EIDH        equ	3870	;# 
   282   000F1F                     RXM1EIDL        equ	3871	;# 
   283   000F20                     TXB2CON         equ	3872	;# 
   284   000F21                     TXB2SIDH        equ	3873	;# 
   285   000F22                     TXB2SIDL        equ	3874	;# 
   286   000F23                     TXB2EIDH        equ	3875	;# 
   287   000F24                     TXB2EIDL        equ	3876	;# 
   288   000F25                     TXB2DLC         equ	3877	;# 
   289   000F26                     TXB2D0          equ	3878	;# 
   290   000F27                     TXB2D1          equ	3879	;# 
   291   000F28                     TXB2D2          equ	3880	;# 
   292   000F29                     TXB2D3          equ	3881	;# 
   293   000F2A                     TXB2D4          equ	3882	;# 
   294   000F2B                     TXB2D5          equ	3883	;# 
   295   000F2C                     TXB2D6          equ	3884	;# 
   296   000F2D                     TXB2D7          equ	3885	;# 
   297   000F2E                     CANSTAT_RO3     equ	3886	;# 
   298   000F2F                     CANCON_RO3      equ	3887	;# 
   299   000F30                     TXB1CON         equ	3888	;# 
   300   000F31                     TXB1SIDH        equ	3889	;# 
   301   000F32                     TXB1SIDL        equ	3890	;# 
   302   000F33                     TXB1EIDH        equ	3891	;# 
   303   000F34                     TXB1EIDL        equ	3892	;# 
   304   000F35                     TXB1DLC         equ	3893	;# 
   305   000F36                     TXB1D0          equ	3894	;# 
   306   000F37                     TXB1D1          equ	3895	;# 
   307   000F38                     TXB1D2          equ	3896	;# 
   308   000F39                     TXB1D3          equ	3897	;# 
   309   000F3A                     TXB1D4          equ	3898	;# 
   310   000F3B                     TXB1D5          equ	3899	;# 
   311   000F3C                     TXB1D6          equ	3900	;# 
   312   000F3D                     TXB1D7          equ	3901	;# 
   313   000F3E                     CANSTAT_RO2     equ	3902	;# 
   314   000F3F                     CANCON_RO2      equ	3903	;# 
   315   000F40                     TXB0CON         equ	3904	;# 
   316   000F41                     TXB0SIDH        equ	3905	;# 
   317   000F42                     TXB0SIDL        equ	3906	;# 
   318   000F43                     TXB0EIDH        equ	3907	;# 
   319   000F44                     TXB0EIDL        equ	3908	;# 
   320   000F45                     TXB0DLC         equ	3909	;# 
   321   000F46                     TXB0D0          equ	3910	;# 
   322   000F47                     TXB0D1          equ	3911	;# 
   323   000F48                     TXB0D2          equ	3912	;# 
   324   000F49                     TXB0D3          equ	3913	;# 
   325   000F4A                     TXB0D4          equ	3914	;# 
   326   000F4B                     TXB0D5          equ	3915	;# 
   327   000F4C                     TXB0D6          equ	3916	;# 
   328   000F4D                     TXB0D7          equ	3917	;# 
   329   000F4E                     CANSTAT_RO1     equ	3918	;# 
   330   000F4F                     CANCON_RO1      equ	3919	;# 
   331   000F50                     RXB1CON         equ	3920	;# 
   332   000F51                     RXB1SIDH        equ	3921	;# 
   333   000F52                     RXB1SIDL        equ	3922	;# 
   334   000F53                     RXB1EIDH        equ	3923	;# 
   335   000F54                     RXB1EIDL        equ	3924	;# 
   336   000F55                     RXB1DLC         equ	3925	;# 
   337   000F56                     RXB1D0          equ	3926	;# 
   338   000F57                     RXB1D1          equ	3927	;# 
   339   000F58                     RXB1D2          equ	3928	;# 
   340   000F59                     RXB1D3          equ	3929	;# 
   341   000F5A                     RXB1D4          equ	3930	;# 
   342   000F5B                     RXB1D5          equ	3931	;# 
   343   000F5C                     RXB1D6          equ	3932	;# 
   344   000F5D                     RXB1D7          equ	3933	;# 
   345   000F5E                     CANSTAT_RO0     equ	3934	;# 
   346   000F5F                     CANCON_RO0      equ	3935	;# 
   347   000F60                     RXB0CON         equ	3936	;# 
   348   000F61                     RXB0SIDH        equ	3937	;# 
   349   000F62                     RXB0SIDL        equ	3938	;# 
   350   000F63                     RXB0EIDH        equ	3939	;# 
   351   000F64                     RXB0EIDL        equ	3940	;# 
   352   000F65                     RXB0DLC         equ	3941	;# 
   353   000F66                     RXB0D0          equ	3942	;# 
   354   000F67                     RXB0D1          equ	3943	;# 
   355   000F68                     RXB0D2          equ	3944	;# 
   356   000F69                     RXB0D3          equ	3945	;# 
   357   000F6A                     RXB0D4          equ	3946	;# 
   358   000F6B                     RXB0D5          equ	3947	;# 
   359   000F6C                     RXB0D6          equ	3948	;# 
   360   000F6D                     RXB0D7          equ	3949	;# 
   361   000F6E                     CANSTAT         equ	3950	;# 
   362   000F6F                     CANCON          equ	3951	;# 
   363   000F70                     BRGCON1         equ	3952	;# 
   364   000F71                     BRGCON2         equ	3953	;# 
   365   000F72                     BRGCON3         equ	3954	;# 
   366   000F73                     CIOCON          equ	3955	;# 
   367   000F74                     COMSTAT         equ	3956	;# 
   368   000F75                     RXERRCNT        equ	3957	;# 
   369   000F76                     TXERRCNT        equ	3958	;# 
   370   000F77                     ECANCON         equ	3959	;# 
   371   000F80                     PORTA           equ	3968	;# 
   372   000F81                     PORTB           equ	3969	;# 
   373   000F82                     PORTC           equ	3970	;# 
   374   000F83                     PORTD           equ	3971	;# 
   375   000F84                     PORTE           equ	3972	;# 
   376   000F89                     LATA            equ	3977	;# 
   377   000F8A                     LATB            equ	3978	;# 
   378   000F8B                     LATC            equ	3979	;# 
   379   000F8C                     LATD            equ	3980	;# 
   380   000F8D                     LATE            equ	3981	;# 
   381   000F92                     TRISA           equ	3986	;# 
   382   000F92                     DDRA            equ	3986	;# 
   383   000F93                     TRISB           equ	3987	;# 
   384   000F93                     DDRB            equ	3987	;# 
   385   000F94                     TRISC           equ	3988	;# 
   386   000F94                     DDRC            equ	3988	;# 
   387   000F95                     TRISD           equ	3989	;# 
   388   000F95                     DDRD            equ	3989	;# 
   389   000F96                     TRISE           equ	3990	;# 
   390   000F96                     DDRE            equ	3990	;# 
   391   000F9B                     OSCTUNE         equ	3995	;# 
   392   000F9D                     PIE1            equ	3997	;# 
   393   000F9E                     PIR1            equ	3998	;# 
   394   000F9F                     IPR1            equ	3999	;# 
   395   000FA0                     PIE2            equ	4000	;# 
   396   000FA1                     PIR2            equ	4001	;# 
   397   000FA2                     IPR2            equ	4002	;# 
   398   000FA3                     PIE3            equ	4003	;# 
   399   000FA4                     PIR3            equ	4004	;# 
   400   000FA5                     IPR3            equ	4005	;# 
   401   000FA6                     EECON1          equ	4006	;# 
   402   000FA7                     EECON2          equ	4007	;# 
   403   000FA8                     EEDATA          equ	4008	;# 
   404   000FA9                     EEADR           equ	4009	;# 
   405   000FAB                     RCSTA           equ	4011	;# 
   406   000FAB                     RCSTA1          equ	4011	;# 
   407   000FAC                     TXSTA           equ	4012	;# 
   408   000FAC                     TXSTA1          equ	4012	;# 
   409   000FAD                     TXREG           equ	4013	;# 
   410   000FAD                     TXREG1          equ	4013	;# 
   411   000FAE                     RCREG           equ	4014	;# 
   412   000FAE                     RCREG1          equ	4014	;# 
   413   000FAF                     SPBRG           equ	4015	;# 
   414   000FAF                     SPBRG1          equ	4015	;# 
   415   000FB0                     SPBRGH          equ	4016	;# 
   416   000FB1                     T3CON           equ	4017	;# 
   417   000FB2                     TMR3            equ	4018	;# 
   418   000FB2                     TMR3L           equ	4018	;# 
   419   000FB3                     TMR3H           equ	4019	;# 
   420   000FB4                     CMCON           equ	4020	;# 
   421   000FB5                     CVRCON          equ	4021	;# 
   422   000FB6                     ECCP1AS         equ	4022	;# 
   423   000FB7                     ECCP1DEL        equ	4023	;# 
   424   000FB8                     BAUDCON         equ	4024	;# 
   425   000FB8                     BAUDCTL         equ	4024	;# 
   426   000FBA                     ECCP1CON        equ	4026	;# 
   427   000FBB                     ECCPR1          equ	4027	;# 
   428   000FBB                     ECCPR1L         equ	4027	;# 
   429   000FBC                     ECCPR1H         equ	4028	;# 
   430   000FBD                     CCP1CON         equ	4029	;# 
   431   000FBE                     CCPR1           equ	4030	;# 
   432   000FBE                     CCPR1L          equ	4030	;# 
   433   000FBF                     CCPR1H          equ	4031	;# 
   434   000FC0                     ADCON2          equ	4032	;# 
   435   000FC1                     ADCON1          equ	4033	;# 
   436   000FC2                     ADCON0          equ	4034	;# 
   437   000FC3                     ADRES           equ	4035	;# 
   438   000FC3                     ADRESL          equ	4035	;# 
   439   000FC4                     ADRESH          equ	4036	;# 
   440   000FC5                     SSPCON2         equ	4037	;# 
   441   000FC6                     SSPCON1         equ	4038	;# 
   442   000FC7                     SSPSTAT         equ	4039	;# 
   443   000FC8                     SSPADD          equ	4040	;# 
   444   000FC9                     SSPBUF          equ	4041	;# 
   445   000FCA                     T2CON           equ	4042	;# 
   446   000FCB                     PR2             equ	4043	;# 
   447   000FCB                     MEMCON          equ	4043	;# 
   448   000FCC                     TMR2            equ	4044	;# 
   449   000FCD                     T1CON           equ	4045	;# 
   450   000FCE                     TMR1            equ	4046	;# 
   451   000FCE                     TMR1L           equ	4046	;# 
   452   000FCF                     TMR1H           equ	4047	;# 
   453   000FD0                     RCON            equ	4048	;# 
   454   000FD1                     WDTCON          equ	4049	;# 
   455   000FD2                     HLVDCON         equ	4050	;# 
   456   000FD2                     LVDCON          equ	4050	;# 
   457   000FD3                     OSCCON          equ	4051	;# 
   458   000FD5                     T0CON           equ	4053	;# 
   459   000FD6                     TMR0            equ	4054	;# 
   460   000FD6                     TMR0L           equ	4054	;# 
   461   000FD7                     TMR0H           equ	4055	;# 
   462   000FD8                     STATUS          equ	4056	;# 
   463   000FD9                     FSR2            equ	4057	;# 
   464   000FD9                     FSR2L           equ	4057	;# 
   465   000FDA                     FSR2H           equ	4058	;# 
   466   000FDB                     PLUSW2          equ	4059	;# 
   467   000FDC                     PREINC2         equ	4060	;# 
   468   000FDD                     POSTDEC2        equ	4061	;# 
   469   000FDE                     POSTINC2        equ	4062	;# 
   470   000FDF                     INDF2           equ	4063	;# 
   471   000FE0                     BSR             equ	4064	;# 
   472   000FE1                     FSR1            equ	4065	;# 
   473   000FE1                     FSR1L           equ	4065	;# 
   474   000FE2                     FSR1H           equ	4066	;# 
   475   000FE3                     PLUSW1          equ	4067	;# 
   476   000FE4                     PREINC1         equ	4068	;# 
   477   000FE5                     POSTDEC1        equ	4069	;# 
   478   000FE6                     POSTINC1        equ	4070	;# 
   479   000FE7                     INDF1           equ	4071	;# 
   480   000FE8                     WREG            equ	4072	;# 
   481   000FE9                     FSR0            equ	4073	;# 
   482   000FE9                     FSR0L           equ	4073	;# 
   483   000FEA                     FSR0H           equ	4074	;# 
   484   000FEB                     PLUSW0          equ	4075	;# 
   485   000FEC                     PREINC0         equ	4076	;# 
   486   000FED                     POSTDEC0        equ	4077	;# 
   487   000FEE                     POSTINC0        equ	4078	;# 
   488   000FEF                     INDF0           equ	4079	;# 
   489   000FF0                     INTCON3         equ	4080	;# 
   490   000FF1                     INTCON2         equ	4081	;# 
   491   000FF2                     INTCON          equ	4082	;# 
   492   000FF3                     PROD            equ	4083	;# 
   493   000FF3                     PRODL           equ	4083	;# 
   494   000FF4                     PRODH           equ	4084	;# 
   495   000FF5                     TABLAT          equ	4085	;# 
   496   000FF6                     TBLPTR          equ	4086	;# 
   497   000FF6                     TBLPTRL         equ	4086	;# 
   498   000FF7                     TBLPTRH         equ	4087	;# 
   499   000FF8                     TBLPTRU         equ	4088	;# 
   500   000FF9                     PCLAT           equ	4089	;# 
   501   000FF9                     PC              equ	4089	;# 
   502   000FF9                     PCL             equ	4089	;# 
   503   000FFA                     PCLATH          equ	4090	;# 
   504   000FFB                     PCLATU          equ	4091	;# 
   505   000FFC                     STKPTR          equ	4092	;# 
   506   000FFD                     TOS             equ	4093	;# 
   507   000FFD                     TOSL            equ	4093	;# 
   508   000FFE                     TOSH            equ	4094	;# 
   509   000FFF                     TOSU            equ	4095	;# 
   510                           
   511                           	psect	idataCOMRAM
   512   000982                     __pidataCOMRAM:
   513                           	callstack 0
   514                           
   515                           ;initializer for _once
   516   000982  01                 	db	1
   517                           
   518                           	psect	nvCOMRAM
   519   00000C                     __pnvCOMRAM:
   520                           	callstack 0
   521   00000C                     _key:
   522                           	callstack 0
   523   00000C                     	ds	1
   524   000F82                     _PORTC          set	3970
   525   000F81                     _PORTB          set	3969
   526   000F94                     _TRISC          set	3988
   527   000F93                     _TRISB          set	3987
   528                           
   529                           ; #config settings
   530                           
   531                           	psect	cinit
   532   000966                     __pcinit:
   533                           	callstack 0
   534   000966                     start_initialization:
   535                           	callstack 0
   536   000966                     __initialization:
   537                           	callstack 0
   538                           
   539                           ; Initialize objects allocated to COMRAM (1 bytes)
   540                           ; load TBLPTR registers with __pidataCOMRAM
   541   000966  0E82               	movlw	low __pidataCOMRAM
   542   000968  6EF6               	movwf	tblptrl,c
   543   00096A  0E09               	movlw	high __pidataCOMRAM
   544   00096C  6EF7               	movwf	tblptrh,c
   545   00096E  0E00               	movlw	low (__pidataCOMRAM shr (0+16))
   546   000970  6EF8               	movwf	tblptru,c
   547   000972  0009               	tblrd		*+	;fetch initializer
   548   000974  CFF5 F00D          	movff	tablat,__pdataCOMRAM
   549                           
   550                           ; Clear objects allocated to COMRAM (2 bytes)
   551   000978  6A0B               	clrf	(__pbssCOMRAM+1)& (0+255),c
   552   00097A  6A0A               	clrf	__pbssCOMRAM& (0+255),c
   553   00097C                     end_of_initialization:
   554                           	callstack 0
   555   00097C                     __end_of__initialization:
   556                           	callstack 0
   557   00097C  0100               	movlb	0
   558   00097E  EF01  F003         	goto	_main	;jump to C main() function
   559                           
   560                           	psect	bssCOMRAM
   561   00000A                     __pbssCOMRAM:
   562                           	callstack 0
   563   00000A                     _i:
   564                           	callstack 0
   565   00000A                     	ds	2
   566                           
   567                           	psect	dataCOMRAM
   568   00000D                     __pdataCOMRAM:
   569                           	callstack 0
   570   00000D                     _once:
   571                           	callstack 0
   572   00000D                     	ds	1
   573                           
   574                           	psect	cstackCOMRAM
   575   000001                     __pcstackCOMRAM:
   576                           	callstack 0
   577   000001                     read_switch@detect_type:
   578                           	callstack 0
   579   000001                     ??_pattern_1:
   580   000001                     ??_pattern_2:
   581                           
   582                           ; 1 bytes @ 0x0
   583   000001                     	ds	3
   584   000004                     main@delay:
   585                           	callstack 0
   586   000004                     
   587                           ; 1 bytes @ 0x3
   588   000004                     	ds	4
   589   000008                     main@flag:
   590                           	callstack 0
   591                           
   592                           ; 2 bytes @ 0x7
   593   000008                     	ds	2
   594                           
   595 ;;
   596 ;;Main: autosize = 0, tempsize = 0, incstack = 0, save=0
   597 ;;
   598 ;; *************** function _main *****************
   599 ;; Defined at:
   600 ;;		line 27 in file "main.c"
   601 ;; Parameters:    Size  Location     Type
   602 ;;		None
   603 ;; Auto vars:     Size  Location     Type
   604 ;;  delay           4    3[COMRAM] unsigned long 
   605 ;;  flag            2    7[COMRAM] int 
   606 ;; Return value:  Size  Location     Type
   607 ;;                  1    wreg      void 
   608 ;; Registers used:
   609 ;;		wreg, status,2, status,0, cstack
   610 ;; Tracked objects:
   611 ;;		On entry : 0/0
   612 ;;		On exit  : 0/0
   613 ;;		Unchanged: 0/0
   614 ;; Data sizes:     COMRAM   BANK0   BANK1   BANK2   BANK3   BANK4   BANK5
   615 ;;      Params:         0       0       0       0       0       0       0
   616 ;;      Locals:         6       0       0       0       0       0       0
   617 ;;      Temps:          0       0       0       0       0       0       0
   618 ;;      Totals:         6       0       0       0       0       0       0
   619 ;;Total ram usage:        6 bytes
   620 ;; Hardware stack levels required when called: 1
   621 ;; This function calls:
   622 ;;		_pattern_1
   623 ;;		_pattern_2
   624 ;;		_read_switch
   625 ;; This function is called by:
   626 ;;		Startup code after reset
   627 ;; This function uses a non-reentrant model
   628 ;;
   629                           
   630                           	psect	text0
   631   000602                     __ptext0:
   632                           	callstack 0
   633   000602                     _main:
   634                           	callstack 30
   635   000602                     
   636                           ;main.c: 28:     TRISB = 0x00;
   637   000602  6A93               	clrf	147,c	;volatile
   638   000604                     
   639                           ;main.c: 29:     TRISC |= 0x0F;
   640   000604  0E0F               	movlw	15
   641   000606  1294               	iorwf	148,f,c	;volatile
   642   000608                     
   643                           ;main.c: 31:     PORTB = 0x00;
   644   000608  6A81               	clrf	129,c	;volatile
   645   00060A                     
   646                           ;main.c: 33:     unsigned long int delay = 0;
   647   00060A  0E00               	movlw	0
   648   00060C  6E04               	movwf	main@delay^0,c
   649   00060E  0E00               	movlw	0
   650   000610  6E05               	movwf	(main@delay+1)^0,c
   651   000612  0E00               	movlw	0
   652   000614  6E06               	movwf	(main@delay+2)^0,c
   653   000616  0E00               	movlw	0
   654   000618  6E07               	movwf	(main@delay+3)^0,c
   655   00061A                     
   656                           ;main.c: 34:     int flag = 0;
   657   00061A  6A09               	clrf	(main@flag+1)^0,c
   658   00061C  0E00               	movlw	0
   659   00061E  6E08               	movwf	main@flag^0,c
   660   000620                     l929:
   661                           
   662                           ;main.c: 37:         key = read_switch(0);
   663   000620  0E00               	movlw	0
   664   000622  EC7B  F004         	call	_read_switch
   665   000626  6E0C               	movwf	_key^0,c
   666   000628                     
   667                           ;main.c: 38:         if (key == 0x0E) {
   668   000628  0E0E               	movlw	14
   669   00062A  180C               	xorwf	_key^0,w,c
   670   00062C  A4D8               	btfss	status,2,c
   671   00062E  EF1B  F003         	goto	u191
   672   000632  EF1D  F003         	goto	u190
   673   000636                     u191:
   674   000636  EF23  F003         	goto	l935
   675   00063A                     u190:
   676   00063A                     
   677                           ;main.c: 39:             i = 0;
   678   00063A  6A0B               	clrf	(_i+1)^0,c
   679   00063C  0E00               	movlw	0
   680   00063E  6E0A               	movwf	_i^0,c
   681                           
   682                           ;main.c: 40:             flag = 1;
   683   000640  6A09               	clrf	(main@flag+1)^0,c
   684   000642  0E01               	movlw	1
   685   000644  6E08               	movwf	main@flag^0,c
   686   000646                     l935:
   687                           
   688                           ;main.c: 42:         if (key == 0x0D) {
   689   000646  0E0D               	movlw	13
   690   000648  180C               	xorwf	_key^0,w,c
   691   00064A  A4D8               	btfss	status,2,c
   692   00064C  EF2A  F003         	goto	u201
   693   000650  EF2C  F003         	goto	u200
   694   000654                     u201:
   695   000654  EF32  F003         	goto	l939
   696   000658                     u200:
   697   000658                     
   698                           ;main.c: 43:             i = 0;
   699   000658  6A0B               	clrf	(_i+1)^0,c
   700   00065A  0E00               	movlw	0
   701   00065C  6E0A               	movwf	_i^0,c
   702                           
   703                           ;main.c: 44:             flag = 2;
   704   00065E  6A09               	clrf	(main@flag+1)^0,c
   705   000660  0E02               	movlw	2
   706   000662  6E08               	movwf	main@flag^0,c
   707   000664                     l939:
   708                           
   709                           ;main.c: 46:         if (key == 0x0B) {
   710   000664  0E0B               	movlw	11
   711   000666  180C               	xorwf	_key^0,w,c
   712   000668  A4D8               	btfss	status,2,c
   713   00066A  EF39  F003         	goto	u211
   714   00066E  EF3B  F003         	goto	u210
   715   000672                     u211:
   716   000672  EF40  F003         	goto	l943
   717   000676                     u210:
   718   000676                     
   719                           ;main.c: 47:             PORTB = 0XAA;
   720   000676  0EAA               	movlw	170
   721   000678  6E81               	movwf	129,c	;volatile
   722                           
   723                           ;main.c: 48:             flag = 3;
   724   00067A  6A09               	clrf	(main@flag+1)^0,c
   725   00067C  0E03               	movlw	3
   726   00067E  6E08               	movwf	main@flag^0,c
   727   000680                     l943:
   728                           
   729                           ;main.c: 50:         if (key == 0x07) {
   730   000680  0E07               	movlw	7
   731   000682  180C               	xorwf	_key^0,w,c
   732   000684  A4D8               	btfss	status,2,c
   733   000686  EF47  F003         	goto	u221
   734   00068A  EF49  F003         	goto	u220
   735   00068E                     u221:
   736   00068E  EF4E  F003         	goto	l947
   737   000692                     u220:
   738   000692                     
   739                           ;main.c: 51:             PORTB = 0XF0;
   740   000692  0EF0               	movlw	240
   741   000694  6E81               	movwf	129,c	;volatile
   742                           
   743                           ;main.c: 52:             flag = 4;
   744   000696  6A09               	clrf	(main@flag+1)^0,c
   745   000698  0E04               	movlw	4
   746   00069A  6E08               	movwf	main@flag^0,c
   747   00069C                     l947:
   748                           
   749                           ;main.c: 54:         if (delay++ == 80000) {
   750   00069C  0E01               	movlw	1
   751   00069E  2604               	addwf	main@delay^0,f,c
   752   0006A0  0E00               	movlw	0
   753   0006A2  2205               	addwfc	(main@delay+1)^0,f,c
   754   0006A4  2206               	addwfc	(main@delay+2)^0,f,c
   755   0006A6  2207               	addwfc	(main@delay+3)^0,f,c
   756   0006A8  0E81               	movlw	129
   757   0006AA  1804               	xorwf	main@delay^0,w,c
   758   0006AC  E10A               	bnz	u231
   759   0006AE  0E38               	movlw	56
   760   0006B0  1805               	xorwf	(main@delay+1)^0,w,c
   761   0006B2  E107               	bnz	u231
   762   0006B4  0406               	decf	(main@delay+2)^0,w,c
   763   0006B6  1007               	iorwf	(main@delay+3)^0,w,c
   764   0006B8  A4D8               	btfss	status,2,c
   765   0006BA  EF61  F003         	goto	u231
   766   0006BE  EF63  F003         	goto	u230
   767   0006C2                     u231:
   768   0006C2  EF10  F003         	goto	l929
   769   0006C6                     u230:
   770   0006C6                     
   771                           ;main.c: 55:             delay = 0;
   772   0006C6  0E00               	movlw	0
   773   0006C8  6E04               	movwf	main@delay^0,c
   774   0006CA  0E00               	movlw	0
   775   0006CC  6E05               	movwf	(main@delay+1)^0,c
   776   0006CE  0E00               	movlw	0
   777   0006D0  6E06               	movwf	(main@delay+2)^0,c
   778   0006D2  0E00               	movlw	0
   779   0006D4  6E07               	movwf	(main@delay+3)^0,c
   780   0006D6                     
   781                           ;main.c: 56:             if (flag == 1) {
   782   0006D6  0408               	decf	main@flag^0,w,c
   783   0006D8  1009               	iorwf	(main@flag+1)^0,w,c
   784   0006DA  A4D8               	btfss	status,2,c
   785   0006DC  EF72  F003         	goto	u241
   786   0006E0  EF74  F003         	goto	u240
   787   0006E4                     u241:
   788   0006E4  EF78  F003         	goto	l955
   789   0006E8                     u240:
   790   0006E8                     
   791                           ;main.c: 58:                 pattern_1();
   792   0006E8  EC9F  F003         	call	_pattern_1	;wreg free
   793                           
   794                           ;main.c: 59:             } else if (flag == 2) {
   795   0006EC  EF10  F003         	goto	l929
   796   0006F0                     l955:
   797   0006F0  0E02               	movlw	2
   798   0006F2  1808               	xorwf	main@flag^0,w,c
   799   0006F4  1009               	iorwf	(main@flag+1)^0,w,c
   800   0006F6  A4D8               	btfss	status,2,c
   801   0006F8  EF80  F003         	goto	u251
   802   0006FC  EF82  F003         	goto	u250
   803   000700                     u251:
   804   000700  EF86  F003         	goto	l959
   805   000704                     u250:
   806   000704                     
   807                           ;main.c: 61:                 pattern_2();
   808   000704  EC36  F004         	call	_pattern_2	;wreg free
   809                           
   810                           ;main.c: 63:             } else if (flag == 3 || flag == 4) {
   811   000708  EF10  F003         	goto	l929
   812   00070C                     l959:
   813   00070C  0E03               	movlw	3
   814   00070E  1808               	xorwf	main@flag^0,w,c
   815   000710  1009               	iorwf	(main@flag+1)^0,w,c
   816   000712  B4D8               	btfsc	status,2,c
   817   000714  EF8E  F003         	goto	u261
   818   000718  EF90  F003         	goto	u260
   819   00071C                     u261:
   820   00071C  EF9A  F003         	goto	l963
   821   000720                     u260:
   822   000720  0E04               	movlw	4
   823   000722  1808               	xorwf	main@flag^0,w,c
   824   000724  1009               	iorwf	(main@flag+1)^0,w,c
   825   000726  A4D8               	btfss	status,2,c
   826   000728  EF98  F003         	goto	u271
   827   00072C  EF9A  F003         	goto	u270
   828   000730                     u271:
   829   000730  EF10  F003         	goto	l929
   830   000734                     u270:
   831   000734                     l963:
   832                           
   833                           ;main.c: 65:                 PORTB = ~PORTB;
   834   000734  1E81               	comf	129,f,c	;volatile
   835   000736  EF10  F003         	goto	l929
   836   00073A  EFFE  F03F         	goto	start
   837   00073E                     __end_of_main:
   838                           	callstack 0
   839                           
   840 ;; *************** function _read_switch *****************
   841 ;; Defined at:
   842 ;;		line 72 in file "main.c"
   843 ;; Parameters:    Size  Location     Type
   844 ;;  detect_type     1    wreg     unsigned char 
   845 ;; Auto vars:     Size  Location     Type
   846 ;;  detect_type     1    0[COMRAM] unsigned char 
   847 ;; Return value:  Size  Location     Type
   848 ;;                  1    wreg      unsigned char 
   849 ;; Registers used:
   850 ;;		wreg, status,2, status,0
   851 ;; Tracked objects:
   852 ;;		On entry : 0/0
   853 ;;		On exit  : 0/0
   854 ;;		Unchanged: 0/0
   855 ;; Data sizes:     COMRAM   BANK0   BANK1   BANK2   BANK3   BANK4   BANK5
   856 ;;      Params:         0       0       0       0       0       0       0
   857 ;;      Locals:         1       0       0       0       0       0       0
   858 ;;      Temps:          0       0       0       0       0       0       0
   859 ;;      Totals:         1       0       0       0       0       0       0
   860 ;;Total ram usage:        1 bytes
   861 ;; Hardware stack levels used: 1
   862 ;; This function calls:
   863 ;;		Nothing
   864 ;; This function is called by:
   865 ;;		_main
   866 ;; This function uses a non-reentrant model
   867 ;;
   868                           
   869                           	psect	text1
   870   0008F6                     __ptext1:
   871                           	callstack 0
   872   0008F6                     _read_switch:
   873                           	callstack 30
   874                           
   875                           ;incstack = 0
   876                           ;read_switch@detect_type stored from wreg
   877   0008F6  6E01               	movwf	read_switch@detect_type^0,c
   878   0008F8                     
   879                           ;main.c: 73:     if (detect_type == 0) {
   880   0008F8  5001               	movf	read_switch@detect_type^0,w,c
   881   0008FA  A4D8               	btfss	status,2,c
   882   0008FC  EF82  F004         	goto	u11
   883   000900  EF84  F004         	goto	u10
   884   000904                     u11:
   885   000904  EF88  F004         	goto	l861
   886   000908                     u10:
   887   000908                     l855:
   888                           
   889                           ;main.c: 74:         return PORTC & 0x0F;
   890   000908  5082               	movf	130,w,c	;volatile
   891   00090A  0B0F               	andlw	15
   892   00090C  EFB2  F004         	goto	l44
   893   000910                     l861:
   894   000910  0401               	decf	read_switch@detect_type^0,w,c
   895   000912  A4D8               	btfss	status,2,c
   896   000914  EF8E  F004         	goto	u21
   897   000918  EF90  F004         	goto	u20
   898   00091C                     u21:
   899   00091C  EFB1  F004         	goto	l879
   900   000920                     u20:
   901   000920                     
   902                           ;main.c: 76:         if ((PORTC & 0x0F) != 0x0F && once) {
   903   000920  5082               	movf	130,w,c	;volatile
   904   000922  0B0F               	andlw	15
   905   000924  0A0F               	xorlw	15
   906   000926  B4D8               	btfsc	status,2,c
   907   000928  EF98  F004         	goto	u31
   908   00092C  EF9A  F004         	goto	u30
   909   000930                     u31:
   910   000930  EFA5  F004         	goto	l875
   911   000934                     u30:
   912   000934  500D               	movf	_once^0,w,c
   913   000936  B4D8               	btfsc	status,2,c
   914   000938  EFA0  F004         	goto	u41
   915   00093C  EFA2  F004         	goto	u40
   916   000940                     u41:
   917   000940  EFA5  F004         	goto	l875
   918   000944                     u40:
   919   000944                     
   920                           ;main.c: 77:             once = 0;
   921   000944  6A0D               	clrf	_once^0,c
   922   000946  EF84  F004         	goto	l855
   923   00094A                     l875:
   924   00094A  5082               	movf	130,w,c	;volatile
   925   00094C  0B0F               	andlw	15
   926   00094E  0A0F               	xorlw	15
   927   000950  A4D8               	btfss	status,2,c
   928   000952  EFAD  F004         	goto	u51
   929   000956  EFAF  F004         	goto	u50
   930   00095A                     u51:
   931   00095A  EFB1  F004         	goto	l879
   932   00095E                     u50:
   933   00095E                     
   934                           ;main.c: 80:             once = 1;
   935   00095E  0E01               	movlw	1
   936   000960  6E0D               	movwf	_once^0,c
   937   000962                     l879:
   938                           
   939                           ;main.c: 83:     return 0x0F;
   940   000962  0E0F               	movlw	15
   941   000964                     l44:
   942   000964  0012               	return		;funcret
   943   000966                     __end_of_read_switch:
   944                           	callstack 0
   945                           
   946 ;; *************** function _pattern_2 *****************
   947 ;; Defined at:
   948 ;;		line 101 in file "main.c"
   949 ;; Parameters:    Size  Location     Type
   950 ;;		None
   951 ;; Auto vars:     Size  Location     Type
   952 ;;		None
   953 ;; Return value:  Size  Location     Type
   954 ;;                  1    wreg      void 
   955 ;; Registers used:
   956 ;;		wreg, status,2, status,0
   957 ;; Tracked objects:
   958 ;;		On entry : 0/0
   959 ;;		On exit  : 0/0
   960 ;;		Unchanged: 0/0
   961 ;; Data sizes:     COMRAM   BANK0   BANK1   BANK2   BANK3   BANK4   BANK5
   962 ;;      Params:         0       0       0       0       0       0       0
   963 ;;      Locals:         0       0       0       0       0       0       0
   964 ;;      Temps:          2       0       0       0       0       0       0
   965 ;;      Totals:         2       0       0       0       0       0       0
   966 ;;Total ram usage:        2 bytes
   967 ;; Hardware stack levels used: 1
   968 ;; This function calls:
   969 ;;		Nothing
   970 ;; This function is called by:
   971 ;;		_main
   972 ;; This function uses a non-reentrant model
   973 ;;
   974                           
   975                           	psect	text2
   976   00086C                     __ptext2:
   977                           	callstack 0
   978   00086C                     _pattern_2:
   979                           	callstack 30
   980   00086C                     
   981                           ;main.c: 102:     if (i < 8) {
   982   00086C  BE0B               	btfsc	(_i+1)^0,7,c
   983   00086E  EF44  F004         	goto	u150
   984   000872  500B               	movf	(_i+1)^0,w,c
   985   000874  E107               	bnz	u151
   986   000876  0E08               	movlw	8
   987   000878  5C0A               	subwf	_i^0,w,c
   988   00087A  B0D8               	btfsc	status,0,c
   989   00087C  EF42  F004         	goto	u151
   990   000880  EF44  F004         	goto	u150
   991   000884                     u151:
   992   000884  EF55  F004         	goto	l911
   993   000888                     u150:
   994   000888                     
   995                           ;main.c: 103:         PORTB = PORTB | (1 << i);
   996   000888  C00A  F001         	movff	_i,??_pattern_2
   997   00088C  0E01               	movlw	1
   998   00088E  6E02               	movwf	(??_pattern_2+1)^0,c
   999   000890  2A01               	incf	??_pattern_2^0,f,c
  1000   000892  EF4D  F004         	goto	u164
  1001   000896                     u165:
  1002   000896  90D8               	bcf	status,0,c
  1003   000898  3602               	rlcf	(??_pattern_2+1)^0,f,c
  1004   00089A                     u164:
  1005   00089A  2E01               	decfsz	??_pattern_2^0,f,c
  1006   00089C  EF4B  F004         	goto	u165
  1007   0008A0  5002               	movf	(??_pattern_2+1)^0,w,c
  1008   0008A2  1081               	iorwf	129,w,c	;volatile
  1009   0008A4  6E81               	movwf	129,c	;volatile
  1010                           
  1011                           ;main.c: 104:     } else if (i >= 8 && i < 16) {
  1012   0008A6  EF78  F004         	goto	l917
  1013   0008AA                     l911:
  1014   0008AA  BE0B               	btfsc	(_i+1)^0,7,c
  1015   0008AC  EF61  F004         	goto	u171
  1016   0008B0  500B               	movf	(_i+1)^0,w,c
  1017   0008B2  E109               	bnz	u170
  1018   0008B4  0E08               	movlw	8
  1019   0008B6  5C0A               	subwf	_i^0,w,c
  1020   0008B8  A0D8               	btfss	status,0,c
  1021   0008BA  EF61  F004         	goto	u171
  1022   0008BE  EF63  F004         	goto	u170
  1023   0008C2                     u171:
  1024   0008C2  EF76  F004         	goto	l65
  1025   0008C6                     u170:
  1026   0008C6  BE0B               	btfsc	(_i+1)^0,7,c
  1027   0008C8  EF71  F004         	goto	u180
  1028   0008CC  500B               	movf	(_i+1)^0,w,c
  1029   0008CE  E107               	bnz	u181
  1030   0008D0  0E10               	movlw	16
  1031   0008D2  5C0A               	subwf	_i^0,w,c
  1032   0008D4  B0D8               	btfsc	status,0,c
  1033   0008D6  EF6F  F004         	goto	u181
  1034   0008DA  EF71  F004         	goto	u180
  1035   0008DE                     u181:
  1036   0008DE  EF76  F004         	goto	l65
  1037   0008E2                     u180:
  1038   0008E2                     
  1039                           ;main.c: 105:         PORTB = PORTB << 1;
  1040   0008E2  5081               	movf	129,w,c	;volatile
  1041   0008E4  2481               	addwf	129,w,c	;volatile
  1042   0008E6  6E81               	movwf	129,c	;volatile
  1043                           
  1044                           ;main.c: 106:     } else {
  1045   0008E8  EF78  F004         	goto	l917
  1046   0008EC                     l65:
  1047                           
  1048                           ;main.c: 107:         i = -1;
  1049   0008EC  680A               	setf	_i^0,c
  1050   0008EE  680B               	setf	(_i+1)^0,c
  1051   0008F0                     l917:
  1052                           
  1053                           ;main.c: 109:     i++;
  1054   0008F0  4A0A               	infsnz	_i^0,f,c
  1055   0008F2  2A0B               	incf	(_i+1)^0,f,c
  1056   0008F4  0012               	return		;funcret
  1057   0008F6                     __end_of_pattern_2:
  1058                           	callstack 0
  1059                           
  1060 ;; *************** function _pattern_1 *****************
  1061 ;; Defined at:
  1062 ;;		line 86 in file "main.c"
  1063 ;; Parameters:    Size  Location     Type
  1064 ;;		None
  1065 ;; Auto vars:     Size  Location     Type
  1066 ;;		None
  1067 ;; Return value:  Size  Location     Type
  1068 ;;                  1    wreg      void 
  1069 ;; Registers used:
  1070 ;;		wreg, status,2, status,0
  1071 ;; Tracked objects:
  1072 ;;		On entry : 0/0
  1073 ;;		On exit  : 0/0
  1074 ;;		Unchanged: 0/0
  1075 ;; Data sizes:     COMRAM   BANK0   BANK1   BANK2   BANK3   BANK4   BANK5
  1076 ;;      Params:         0       0       0       0       0       0       0
  1077 ;;      Locals:         0       0       0       0       0       0       0
  1078 ;;      Temps:          3       0       0       0       0       0       0
  1079 ;;      Totals:         3       0       0       0       0       0       0
  1080 ;;Total ram usage:        3 bytes
  1081 ;; Hardware stack levels used: 1
  1082 ;; This function calls:
  1083 ;;		Nothing
  1084 ;; This function is called by:
  1085 ;;		_main
  1086 ;; This function uses a non-reentrant model
  1087 ;;
  1088                           
  1089                           	psect	text3
  1090   00073E                     __ptext3:
  1091                           	callstack 0
  1092   00073E                     _pattern_1:
  1093                           	callstack 30
  1094   00073E                     
  1095                           ;main.c: 87:     if (i < 8) {
  1096   00073E  BE0B               	btfsc	(_i+1)^0,7,c
  1097   000740  EFAD  F003         	goto	u60
  1098   000744  500B               	movf	(_i+1)^0,w,c
  1099   000746  E107               	bnz	u61
  1100   000748  0E08               	movlw	8
  1101   00074A  5C0A               	subwf	_i^0,w,c
  1102   00074C  B0D8               	btfsc	status,0,c
  1103   00074E  EFAB  F003         	goto	u61
  1104   000752  EFAD  F003         	goto	u60
  1105   000756                     u61:
  1106   000756  EFBE  F003         	goto	l887
  1107   00075A                     u60:
  1108   00075A                     
  1109                           ;main.c: 88:         PORTB = PORTB | (1 << i);
  1110   00075A  C00A  F001         	movff	_i,??_pattern_1
  1111   00075E  0E01               	movlw	1
  1112   000760  6E02               	movwf	(??_pattern_1+1)^0,c
  1113   000762  2A01               	incf	??_pattern_1^0,f,c
  1114   000764  EFB6  F003         	goto	u74
  1115   000768                     u75:
  1116   000768  90D8               	bcf	status,0,c
  1117   00076A  3602               	rlcf	(??_pattern_1+1)^0,f,c
  1118   00076C                     u74:
  1119   00076C  2E01               	decfsz	??_pattern_1^0,f,c
  1120   00076E  EFB4  F003         	goto	u75
  1121   000772  5002               	movf	(??_pattern_1+1)^0,w,c
  1122   000774  1081               	iorwf	129,w,c	;volatile
  1123   000776  6E81               	movwf	129,c	;volatile
  1124                           
  1125                           ;main.c: 89:     } else if (i >= 8 && i < 16) {
  1126   000778  EF33  F004         	goto	l905
  1127   00077C                     l887:
  1128   00077C  BE0B               	btfsc	(_i+1)^0,7,c
  1129   00077E  EFCA  F003         	goto	u81
  1130   000782  500B               	movf	(_i+1)^0,w,c
  1131   000784  E109               	bnz	u80
  1132   000786  0E08               	movlw	8
  1133   000788  5C0A               	subwf	_i^0,w,c
  1134   00078A  A0D8               	btfss	status,0,c
  1135   00078C  EFCA  F003         	goto	u81
  1136   000790  EFCC  F003         	goto	u80
  1137   000794                     u81:
  1138   000794  EFDF  F003         	goto	l893
  1139   000798                     u80:
  1140   000798  BE0B               	btfsc	(_i+1)^0,7,c
  1141   00079A  EFDA  F003         	goto	u90
  1142   00079E  500B               	movf	(_i+1)^0,w,c
  1143   0007A0  E107               	bnz	u91
  1144   0007A2  0E10               	movlw	16
  1145   0007A4  5C0A               	subwf	_i^0,w,c
  1146   0007A6  B0D8               	btfsc	status,0,c
  1147   0007A8  EFD8  F003         	goto	u91
  1148   0007AC  EFDA  F003         	goto	u90
  1149   0007B0                     u91:
  1150   0007B0  EFDF  F003         	goto	l893
  1151   0007B4                     u90:
  1152   0007B4                     
  1153                           ;main.c: 90:         PORTB = PORTB << 1;
  1154   0007B4  5081               	movf	129,w,c	;volatile
  1155   0007B6  2481               	addwf	129,w,c	;volatile
  1156   0007B8  6E81               	movwf	129,c	;volatile
  1157                           
  1158                           ;main.c: 91:     } else if (i >= 16 && i < 24) {
  1159   0007BA  EF33  F004         	goto	l905
  1160   0007BE                     l893:
  1161   0007BE  BE0B               	btfsc	(_i+1)^0,7,c
  1162   0007C0  EFEB  F003         	goto	u101
  1163   0007C4  500B               	movf	(_i+1)^0,w,c
  1164   0007C6  E109               	bnz	u100
  1165   0007C8  0E10               	movlw	16
  1166   0007CA  5C0A               	subwf	_i^0,w,c
  1167   0007CC  A0D8               	btfss	status,0,c
  1168   0007CE  EFEB  F003         	goto	u101
  1169   0007D2  EFED  F003         	goto	u100
  1170   0007D6                     u101:
  1171   0007D6  EF11  F004         	goto	l899
  1172   0007DA                     u100:
  1173   0007DA  BE0B               	btfsc	(_i+1)^0,7,c
  1174   0007DC  EFFB  F003         	goto	u110
  1175   0007E0  500B               	movf	(_i+1)^0,w,c
  1176   0007E2  E107               	bnz	u111
  1177   0007E4  0E18               	movlw	24
  1178   0007E6  5C0A               	subwf	_i^0,w,c
  1179   0007E8  B0D8               	btfsc	status,0,c
  1180   0007EA  EFF9  F003         	goto	u111
  1181   0007EE  EFFB  F003         	goto	u110
  1182   0007F2                     u111:
  1183   0007F2  EF11  F004         	goto	l899
  1184   0007F6                     u110:
  1185   0007F6                     
  1186                           ;main.c: 92:         PORTB = PORTB | (0X80) >> (i - 16);
  1187   0007F6  C00A  F001         	movff	_i,??_pattern_1
  1188   0007FA  0EF0               	movlw	-16
  1189   0007FC  2601               	addwf	??_pattern_1^0,f,c
  1190   0007FE  0E80               	movlw	128
  1191   000800  6E02               	movwf	(??_pattern_1+1)^0,c
  1192   000802  0E00               	movlw	0
  1193   000804  6E03               	movwf	(??_pattern_1+2)^0,c
  1194   000806  2A01               	incf	??_pattern_1^0,f,c
  1195   000808  EF09  F004         	goto	u124
  1196   00080C                     u125:
  1197   00080C  3403               	rlcf	(??_pattern_1+2)^0,w,c
  1198   00080E  3203               	rrcf	(??_pattern_1+2)^0,f,c
  1199   000810  3202               	rrcf	(??_pattern_1+1)^0,f,c
  1200   000812                     u124:
  1201   000812  2E01               	decfsz	??_pattern_1^0,f,c
  1202   000814  EF06  F004         	goto	u125
  1203   000818  5002               	movf	(??_pattern_1+1)^0,w,c
  1204   00081A  1081               	iorwf	129,w,c	;volatile
  1205   00081C  6E81               	movwf	129,c	;volatile
  1206                           
  1207                           ;main.c: 93:     } else if (i >= 24 && i < 32) {
  1208   00081E  EF33  F004         	goto	l905
  1209   000822                     l899:
  1210   000822  BE0B               	btfsc	(_i+1)^0,7,c
  1211   000824  EF1D  F004         	goto	u131
  1212   000828  500B               	movf	(_i+1)^0,w,c
  1213   00082A  E109               	bnz	u130
  1214   00082C  0E18               	movlw	24
  1215   00082E  5C0A               	subwf	_i^0,w,c
  1216   000830  A0D8               	btfss	status,0,c
  1217   000832  EF1D  F004         	goto	u131
  1218   000836  EF1F  F004         	goto	u130
  1219   00083A                     u131:
  1220   00083A  EF31  F004         	goto	l58
  1221   00083E                     u130:
  1222   00083E  BE0B               	btfsc	(_i+1)^0,7,c
  1223   000840  EF2D  F004         	goto	u140
  1224   000844  500B               	movf	(_i+1)^0,w,c
  1225   000846  E107               	bnz	u141
  1226   000848  0E20               	movlw	32
  1227   00084A  5C0A               	subwf	_i^0,w,c
  1228   00084C  B0D8               	btfsc	status,0,c
  1229   00084E  EF2B  F004         	goto	u141
  1230   000852  EF2D  F004         	goto	u140
  1231   000856                     u141:
  1232   000856  EF31  F004         	goto	l58
  1233   00085A                     u140:
  1234   00085A                     
  1235                           ;main.c: 94:         PORTB >>= 1;
  1236   00085A  90D8               	bcf	status,0,c
  1237   00085C  3281               	rrcf	129,f,c
  1238                           
  1239                           ;volatile
  1240                           ;main.c: 95:     } else {
  1241   00085E  EF33  F004         	goto	l905
  1242   000862                     l58:
  1243                           
  1244                           ;main.c: 96:         i = -1;
  1245   000862  680A               	setf	_i^0,c
  1246   000864  680B               	setf	(_i+1)^0,c
  1247   000866                     l905:
  1248                           
  1249                           ;main.c: 98:     i++;
  1250   000866  4A0A               	infsnz	_i^0,f,c
  1251   000868  2A0B               	incf	(_i+1)^0,f,c
  1252   00086A  0012               	return		;funcret
  1253   00086C                     __end_of_pattern_1:
  1254                           	callstack 0
  1255                           
  1256                           	psect	smallconst
  1257   000600                     __psmallconst:
  1258                           	callstack 0
  1259   000600  00                 	db	0
  1260   000601  00                 	db	0	; dummy byte at the end
  1261   000600                     __smallconst    set	__psmallconst
  1262   000600                     __mediumconst   set	__psmallconst
  1263   000000                     __activetblptr  equ	0
  1264                           
  1265                           	psect	rparam
  1266   000001                     ___rparam_used  equ	1
  1267   000000                     ___param_bank   equ	0
  1268   000000                     __Lparam        equ	__Lrparam
  1269   000000                     __Hparam        equ	__Hrparam
  1270                           
  1271                           	psect	idloc
  1272                           
  1273                           ;Config register IDLOC0 @ 0x200000
  1274                           ;	unspecified, using default values
  1275   200000                     	org	2097152
  1276   200000  FF                 	db	255
  1277                           
  1278                           ;Config register IDLOC1 @ 0x200001
  1279                           ;	unspecified, using default values
  1280   200001                     	org	2097153
  1281   200001  FF                 	db	255
  1282                           
  1283                           ;Config register IDLOC2 @ 0x200002
  1284                           ;	unspecified, using default values
  1285   200002                     	org	2097154
  1286   200002  FF                 	db	255
  1287                           
  1288                           ;Config register IDLOC3 @ 0x200003
  1289                           ;	unspecified, using default values
  1290   200003                     	org	2097155
  1291   200003  FF                 	db	255
  1292                           
  1293                           ;Config register IDLOC4 @ 0x200004
  1294                           ;	unspecified, using default values
  1295   200004                     	org	2097156
  1296   200004  FF                 	db	255
  1297                           
  1298                           ;Config register IDLOC5 @ 0x200005
  1299                           ;	unspecified, using default values
  1300   200005                     	org	2097157
  1301   200005  FF                 	db	255
  1302                           
  1303                           ;Config register IDLOC6 @ 0x200006
  1304                           ;	unspecified, using default values
  1305   200006                     	org	2097158
  1306   200006  FF                 	db	255
  1307                           
  1308                           ;Config register IDLOC7 @ 0x200007
  1309                           ;	unspecified, using default values
  1310   200007                     	org	2097159
  1311   200007  FF                 	db	255
  1312                           
  1313                           	psect	config
  1314                           
  1315                           ; Padding undefined space
  1316   300000                     	org	3145728
  1317   300000  FF                 	db	255
  1318                           
  1319                           ;Config register CONFIG1H @ 0x300001
  1320                           ;	unspecified, using default values
  1321                           ;	Oscillator Selection bits
  1322                           ;	OSC = 0x7, unprogrammed default
  1323                           ;	Fail-Safe Clock Monitor Enable bit
  1324                           ;	FCMEN = 0x0, unprogrammed default
  1325                           ;	Internal/External Oscillator Switchover bit
  1326                           ;	IESO = 0x0, unprogrammed default
  1327   300001                     	org	3145729
  1328   300001  07                 	db	7
  1329                           
  1330                           ;Config register CONFIG2L @ 0x300002
  1331                           ;	unspecified, using default values
  1332                           ;	Power-up Timer Enable bit
  1333                           ;	PWRT = 0x1, unprogrammed default
  1334                           ;	Brown-out Reset Enable bits
  1335                           ;	BOREN = 0x3, unprogrammed default
  1336                           ;	Brown-out Reset Voltage bits
  1337                           ;	BORV = 0x3, unprogrammed default
  1338   300002                     	org	3145730
  1339   300002  1F                 	db	31
  1340                           
  1341                           ;Config register CONFIG2H @ 0x300003
  1342                           ;	unspecified, using default values
  1343                           ;	Watchdog Timer Enable bit
  1344                           ;	WDT = 0x1, unprogrammed default
  1345                           ;	Watchdog Timer Postscale Select bits
  1346                           ;	WDTPS = 0xF, unprogrammed default
  1347   300003                     	org	3145731
  1348   300003  1F                 	db	31
  1349                           
  1350                           ; Padding undefined space
  1351   300004                     	org	3145732
  1352   300004  FF                 	db	255
  1353                           
  1354                           ;Config register CONFIG3H @ 0x300005
  1355                           ;	unspecified, using default values
  1356                           ;	PORTB A/D Enable bit
  1357                           ;	PBADEN = 0x1, unprogrammed default
  1358                           ;	Low-Power Timer 1 Oscillator Enable bit
  1359                           ;	LPT1OSC = 0x0, unprogrammed default
  1360                           ;	MCLR Pin Enable bit
  1361                           ;	MCLRE = 0x1, unprogrammed default
  1362   300005                     	org	3145733
  1363   300005  82                 	db	130
  1364                           
  1365                           ;Config register CONFIG4L @ 0x300006
  1366                           ;	unspecified, using default values
  1367                           ;	Stack Full/Underflow Reset Enable bit
  1368                           ;	STVREN = 0x1, unprogrammed default
  1369                           ;	Single-Supply ICSP Enable bit
  1370                           ;	LVP = 0x1, unprogrammed default
  1371                           ;	Boot Block Size Select bit
  1372                           ;	BBSIZ = 0x0, unprogrammed default
  1373                           ;	Extended Instruction Set Enable bit
  1374                           ;	XINST = 0x0, unprogrammed default
  1375                           ;	Background Debugger Enable bit
  1376                           ;	DEBUG = 0x1, unprogrammed default
  1377   300006                     	org	3145734
  1378   300006  85                 	db	133
  1379                           
  1380                           ; Padding undefined space
  1381   300007                     	org	3145735
  1382   300007  FF                 	db	255
  1383                           
  1384                           ;Config register CONFIG5L @ 0x300008
  1385                           ;	unspecified, using default values
  1386                           ;	Code Protection bit
  1387                           ;	CP0 = 0x1, unprogrammed default
  1388                           ;	Code Protection bit
  1389                           ;	CP1 = 0x1, unprogrammed default
  1390                           ;	Code Protection bit
  1391                           ;	CP2 = 0x1, unprogrammed default
  1392                           ;	Code Protection bit
  1393                           ;	CP3 = 0x1, unprogrammed default
  1394   300008                     	org	3145736
  1395   300008  0F                 	db	15
  1396                           
  1397                           ;Config register CONFIG5H @ 0x300009
  1398                           ;	unspecified, using default values
  1399                           ;	Boot Block Code Protection bit
  1400                           ;	CPB = 0x1, unprogrammed default
  1401                           ;	Data EEPROM Code Protection bit
  1402                           ;	CPD = 0x1, unprogrammed default
  1403   300009                     	org	3145737
  1404   300009  C0                 	db	192
  1405                           
  1406                           ;Config register CONFIG6L @ 0x30000A
  1407                           ;	unspecified, using default values
  1408                           ;	Write Protection bit
  1409                           ;	WRT0 = 0x1, unprogrammed default
  1410                           ;	Write Protection bit
  1411                           ;	WRT1 = 0x1, unprogrammed default
  1412                           ;	Write Protection bit
  1413                           ;	WRT2 = 0x1, unprogrammed default
  1414                           ;	Write Protection bit
  1415                           ;	WRT3 = 0x1, unprogrammed default
  1416   30000A                     	org	3145738
  1417   30000A  0F                 	db	15
  1418                           
  1419                           ;Config register CONFIG6H @ 0x30000B
  1420                           ;	unspecified, using default values
  1421                           ;	Configuration Register Write Protection bit
  1422                           ;	WRTC = 0x1, unprogrammed default
  1423                           ;	Boot Block Write Protection bit
  1424                           ;	WRTB = 0x1, unprogrammed default
  1425                           ;	Data EEPROM Write Protection bit
  1426                           ;	WRTD = 0x1, unprogrammed default
  1427   30000B                     	org	3145739
  1428   30000B  E0                 	db	224
  1429                           
  1430                           ;Config register CONFIG7L @ 0x30000C
  1431                           ;	unspecified, using default values
  1432                           ;	Table Read Protection bit
  1433                           ;	EBTR0 = 0x1, unprogrammed default
  1434                           ;	Table Read Protection bit
  1435                           ;	EBTR1 = 0x1, unprogrammed default
  1436                           ;	Table Read Protection bit
  1437                           ;	EBTR2 = 0x1, unprogrammed default
  1438                           ;	Table Read Protection bit
  1439                           ;	EBTR3 = 0x1, unprogrammed default
  1440   30000C                     	org	3145740
  1441   30000C  0F                 	db	15
  1442                           
  1443                           ;Config register CONFIG7H @ 0x30000D
  1444                           ;	unspecified, using default values
  1445                           ;	Boot Block Table Read Protection bit
  1446                           ;	EBTRB = 0x1, unprogrammed default
  1447   30000D                     	org	3145741
  1448   30000D  40                 	db	64
  1449                           tosu	equ	0xFFF
  1450                           tosh	equ	0xFFE
  1451                           tosl	equ	0xFFD
  1452                           stkptr	equ	0xFFC
  1453                           pclatu	equ	0xFFB
  1454                           pclath	equ	0xFFA
  1455                           pcl	equ	0xFF9
  1456                           tblptru	equ	0xFF8
  1457                           tblptrh	equ	0xFF7
  1458                           tblptrl	equ	0xFF6
  1459                           tablat	equ	0xFF5
  1460                           prodh	equ	0xFF4
  1461                           prodl	equ	0xFF3
  1462                           indf0	equ	0xFEF
  1463                           postinc0	equ	0xFEE
  1464                           postdec0	equ	0xFED
  1465                           preinc0	equ	0xFEC
  1466                           plusw0	equ	0xFEB
  1467                           fsr0h	equ	0xFEA
  1468                           fsr0l	equ	0xFE9
  1469                           wreg	equ	0xFE8
  1470                           indf1	equ	0xFE7
  1471                           postinc1	equ	0xFE6
  1472                           postdec1	equ	0xFE5
  1473                           preinc1	equ	0xFE4
  1474                           plusw1	equ	0xFE3
  1475                           fsr1h	equ	0xFE2
  1476                           fsr1l	equ	0xFE1
  1477                           bsr	equ	0xFE0
  1478                           indf2	equ	0xFDF
  1479                           postinc2	equ	0xFDE
  1480                           postdec2	equ	0xFDD
  1481                           preinc2	equ	0xFDC
  1482                           plusw2	equ	0xFDB
  1483                           fsr2h	equ	0xFDA
  1484                           fsr2l	equ	0xFD9
  1485                           status	equ	0xFD8

Data Sizes:
    Strings     0
    Constant    0
    Data        1
    BSS         2
    Persistent  1
    Stack       0

Auto Spaces:
    Space          Size  Autos    Used
    COMRAM           95      9      13
    BANK0           160      0       0
    BANK1           256      0       0
    BANK2           256      0       0
    BANK3           256      0       0
    BANK4           256      0       0
    BANK5           256      0       0

Pointer List with Targets:

    None.

Critical Paths under _main in COMRAM

    _main->_pattern_1

Critical Paths under _main in BANK0

    None.

Critical Paths under _main in BANK1

    None.

Critical Paths under _main in BANK2

    None.

Critical Paths under _main in BANK3

    None.

Critical Paths under _main in BANK4

    None.

Critical Paths under _main in BANK5

    None.

Call Graph Tables:

 ---------------------------------------------------------------------------------
 (Depth) Function   	        Calls       Base Space   Used Autos Params    Refs
 ---------------------------------------------------------------------------------
 (0) _main                                                 6     6      0     105
                                              3 COMRAM     6     6      0
                          _pattern_1
                          _pattern_2
                        _read_switch
 ---------------------------------------------------------------------------------
 (1) _read_switch                                          1     1      0      30
                                              0 COMRAM     1     1      0
 ---------------------------------------------------------------------------------
 (1) _pattern_2                                            2     2      0       0
                                              0 COMRAM     2     2      0
 ---------------------------------------------------------------------------------
 (1) _pattern_1                                            3     3      0       0
                                              0 COMRAM     3     3      0
 ---------------------------------------------------------------------------------
 Estimated maximum stack depth 1
 ---------------------------------------------------------------------------------

 Call Graph Graphs:

 _main (ROOT)
   _pattern_1
   _pattern_2
   _read_switch

Address spaces:
Name               Size   Autos  Total    Usage
BIGRAM            1535      0       0      0.0%
BITBIGSFRl         641      0       0      0.0%
BITBANK5           256      0       0      0.0%
BANK5              256      0       0      0.0%
BITBANK4           256      0       0      0.0%
BANK4              256      0       0      0.0%
BITBANK3           256      0       0      0.0%
BANK3              256      0       0      0.0%
BITBANK2           256      0       0      0.0%
BANK2              256      0       0      0.0%
BITBANK1           256      0       0      0.0%
BANK1              256      0       0      0.0%
BITBANK0           160      0       0      0.0%
BANK0              160      0       0      0.0%
BITBIGSFRh         126      0       0      0.0%
BITCOMRAM           95      0       0      0.0%
COMRAM              95      9      13     13.7%
STACK                0      0       0      0.0%
DATA                 0      0      13      0.0%


Microchip Technology PIC18 Macro Assembler V3.10 build 20250813170317 
Symbol Table                                                                                   Fri Feb 27 09:13:49 2026

                      _i 000A                       l60 086A                       l44 0964  
                     l65 08EC                       l58 0862                       l67 08F4  
                     u10 0908                       u11 0904                       u20 0920  
                     u21 091C                       u30 0934                       u31 0930  
                     u40 0944                       u41 0940                       u50 095E  
                     u51 095A                       u60 075A                       u61 0756  
                     u80 0798                       u81 0794                       u90 07B4  
                     u74 076C                       u91 07B0                       u75 0768  
                    l901 083E                      l903 085A                      l911 08AA  
                    l905 0866                      l913 08C6                      l921 0604  
                    l915 08E2                      l907 086C                      l931 0628  
                    l923 0608                      l917 08F0                      l909 0888  
                    l861 0910                      l853 08F8                      l941 0676  
                    l933 063A                      l925 060A                      l863 0920  
                    l855 0908                      l951 06D6                      l943 0680  
                    l935 0646                      l927 061A                      l919 0602  
                    l865 0934                      l961 0720                      l953 06E8  
                    l945 0692                      l937 0658                      l929 0620  
                    l891 07B4                      l883 073E                      l867 0944  
                    l875 094A                      l963 0734                      l955 06F0  
                    l947 069C                      l939 0664                      l893 07BE  
                    l885 075A                      l877 095E                      l957 0704  
                    l949 06C6                      l895 07DA                      l887 077C  
                    l879 0962                      l959 070C                      l897 07F6  
                    l889 0798                      l899 0822                      u100 07DA  
                    u101 07D6                      u110 07F6                      u111 07F2  
                    u200 0658                      u201 0654                      u130 083E  
                    u210 0676                      u131 083A                      u211 0672  
                    u140 085A                      u124 0812                      u220 0692  
                    u141 0856                      u125 080C                      u221 068E  
                    u150 0888                      u230 06C6                      u151 0884  
                    u231 06C2                      u240 06E8                      u241 06E4  
                    u170 08C6                      u250 0704                      u171 08C2  
                    u251 0700                      u180 08E2                      u164 089A  
                    u260 0720                      u181 08DE                      u165 0896  
                    u261 071C                      u270 0734                      u190 063A  
                    u271 0730                      u191 0636                      _key 000C  
                   _main 0602                     _once 000D                     start 7FFC  
           ___param_bank 0000                    ?_main 0001                    _PORTB 0F81  
                  _PORTC 0F82                    _TRISB 0F93                    _TRISC 0F94  
           ?_read_switch 0001                    tablat 0FF5                    status 0FD8  
        __initialization 0966             __end_of_main 073E                   ??_main 0004  
          __activetblptr 0000                   isa$std 0001             __pdataCOMRAM 000D  
           __mediumconst 0600                   tblptrh 0FF7                   tblptrl 0FF6  
                 tblptru 0FF8               __accesstop 0060  __end_of__initialization 097C  
          ___rparam_used 0001           __pcstackCOMRAM 0001               __pnvCOMRAM 000C  
                __Hparam 0000                  __Lparam 0000             __psmallconst 0600  
                __pcinit 0966                  __ramtop 0600                  __ptext0 0602  
                __ptext1 08F6                  __ptext2 086C                  __ptext3 073E  
      __end_of_pattern_1 086C        __end_of_pattern_2 08F6     end_of_initialization 097C  
          __pidataCOMRAM 0982      start_initialization 0966              __pbssCOMRAM 000A  
          ??_read_switch 0001              __smallconst 0600                _pattern_1 073E  
              _pattern_2 086C      __end_of_read_switch 0966                main@delay 0004  
             ?_pattern_1 0001               ?_pattern_2 0001                 __Hrparam 0000  
               __Lrparam 0000              _read_switch 08F6                 isa$xinst 0000  
               main@flag 0008   read_switch@detect_type 0001              ??_pattern_1 0001  
            ??_pattern_2 0001  
