

Microchip MPLAB XC8 Assembler V3.10 build 20250813170317 
                                                                                               Fri Feb 27 09:13:32 2026

Microchip MPLAB XC8 C Compiler v3.10 (Free license) build 20250813170317 Og1 
     1                           	processor	18F4580
     2                           	fnconf	rparam,??,?,0
     3                           	pagewidth 120
     4                           	opt	flic
     5                           	psect	idataCOMRAM,global,class=CODE,space=0,delta=1,noexec
     6                           	psect	nvCOMRAM,global,class=COMRAM,space=1,delta=1,lowdata,noexec
     7                           	psect	cinit,global,reloc=2,class=CODE,space=0,delta=1
     8                           	psect	dataCOMRAM,global,class=COMRAM,space=1,delta=1,lowdata,noexec
     9                           	psect	cstackCOMRAM,global,class=COMRAM,space=1,delta=1,lowdata,noexec
    10                           	psect	text0,global,reloc=2,class=CODE,space=0,delta=1
    11                           	psect	text1,global,reloc=2,class=CODE,space=0,delta=1
    12                           	psect	smallconst,global,reloc=2,class=SMALLCONST,space=0,delta=1,noexec
    13                           	psect	intsave_regs,global,class=BIGRAM,space=1,delta=1,noexec
    14                           	psect	rparam,global,class=COMRAM,space=1,delta=1,noexec
    15                           	psect	idloc,global,abs,ovrld,class=IDLOC,space=5,delta=1,noexec
    16                           	psect	config,global,abs,ovrld,class=CONFIG,space=4,delta=1,noexec
    17   000000                     
    18                           ; Version 2.40
    19                           ; Generated 17/11/2021 GMT
    20                           ; 
    21                           ; Copyright © 2021, Microchip Technology Inc. and its subsidiaries ("Microchip")
    22                           ; All rights reserved.
    23                           ; 
    24                           ; This software is developed by Microchip Technology Inc. and its subsidiaries ("Microch
      +                          ip").
    25                           ; 
    26                           ; Redistribution and use in source and binary forms, with or without modification, are
    27                           ; permitted provided that the following conditions are met:
    28                           ; 
    29                           ;     1. Redistributions of source code must retain the above copyright notice, this lis
      +                          t of
    30                           ;        conditions and the following disclaimer.
    31                           ; 
    32                           ;     2. Redistributions in binary form must reproduce the above copyright notice, this 
      +                          list
    33                           ;        of conditions and the following disclaimer in the documentation and/or other
    34                           ;        materials provided with the distribution. Publication is not required when
    35                           ;        this file is used in an embedded application.
    36                           ; 
    37                           ;     3. Microchip's name may not be used to endorse or promote products derived from th
      +                          is
    38                           ;        software without specific prior written permission.
    39                           ; 
    40                           ; THIS SOFTWARE IS PROVIDED BY MICROCHIP "AS IS" AND ANY EXPRESS OR IMPLIED WARRANTIES,
    41                           ; INCLUDING, BUT NOT LIMITED TO, THE IMPLIED WARRANTIES OF MERCHANTABILITY AND FITNESS F
      +                          OR
    42                           ; PURPOSE ARE DISCLAIMED.  IN NO EVENT SHALL MICROCHIP BE LIABLE FOR ANY DIRECT, INDIREC
      +                          T,
    43                           ; INCIDENTAL, SPECIAL, EXEMPLARY, OR CONSEQUENTIAL DAMAGES (INCLUDING BUT NOT LIMITED TO
    44                           ; PROCUREMENT OF SUBSTITUTE GOODS OR SERVICES; LOSS OF USE, DATA OR PROFITS; OR BUSINESS
    45                           ; INTERRUPTION) HOWSOEVER CAUSED AND ON ANY THEORY OF LIABILITY, WHETHER IN CONTRACT, ST
      +                          RICT
    46                           ; LIABILITY, OR TORT (INCLUDING NEGLIGENCE OR OTHERWISE) ARISING IN ANY WAY OUT OF THE U
      +                          SE OF
    47                           ; THIS SOFTWARE, EVEN IF ADVISED OF THE POSSIBILITY OF SUCH DAMAGE.
    48                           ; 
    49                           ; 
    50                           ; Code-generator required, PIC18F4580 Definitions
    51                           ; 
    52                           ; SFR Addresses
    53   000FE0                     bsr             equ	4064
    54   000FE9                     fsr0            equ	4073
    55   000FEA                     fsr0h           equ	4074
    56   000FE9                     fsr0l           equ	4073
    57   000FE1                     fsr1            equ	4065
    58   000FE2                     fsr1h           equ	4066
    59   000FE1                     fsr1l           equ	4065
    60   000FD9                     fsr2            equ	4057
    61   000FDA                     fsr2h           equ	4058
    62   000FD9                     fsr2l           equ	4057
    63   000FEF                     indf0           equ	4079
    64   000FE7                     indf1           equ	4071
    65   000FDF                     indf2           equ	4063
    66   000FF2                     intcon          equ	4082
    67   000000                     nvmcon          equ	0
    68   000FF9                     pcl             equ	4089
    69   000FFA                     pclath          equ	4090
    70   000FFB                     pclatu          equ	4091
    71   000FEB                     plusw0          equ	4075
    72   000FE3                     plusw1          equ	4067
    73   000FDB                     plusw2          equ	4059
    74   000FED                     postdec0        equ	4077
    75   000FE5                     postdec1        equ	4069
    76   000FDD                     postdec2        equ	4061
    77   000FEE                     postinc0        equ	4078
    78   000FE6                     postinc1        equ	4070
    79   000FDE                     postinc2        equ	4062
    80   000FEC                     preinc0         equ	4076
    81   000FE4                     preinc1         equ	4068
    82   000FDC                     preinc2         equ	4060
    83   000FF3                     prod            equ	4083
    84   000FF4                     prodh           equ	4084
    85   000FF3                     prodl           equ	4083
    86   000FD8                     status          equ	4056
    87   000FF5                     tablat          equ	4085
    88   000FF6                     tblptr          equ	4086
    89   000FF7                     tblptrh         equ	4087
    90   000FF6                     tblptrl         equ	4086
    91   000FF8                     tblptru         equ	4088
    92   000FFD                     tosl            equ	4093
    93   000FE8                     wreg            equ	4072
    94   000D60                     RXF6SIDH        equ	3424	;# 
    95   000D61                     RXF6SIDL        equ	3425	;# 
    96   000D62                     RXF6EIDH        equ	3426	;# 
    97   000D63                     RXF6EIDL        equ	3427	;# 
    98   000D64                     RXF7SIDH        equ	3428	;# 
    99   000D65                     RXF7SIDL        equ	3429	;# 
   100   000D66                     RXF7EIDH        equ	3430	;# 
   101   000D67                     RXF7EIDL        equ	3431	;# 
   102   000D68                     RXF8SIDH        equ	3432	;# 
   103   000D69                     RXF8SIDL        equ	3433	;# 
   104   000D6A                     RXF8EIDH        equ	3434	;# 
   105   000D6B                     RXF8EIDL        equ	3435	;# 
   106   000D70                     RXF9SIDH        equ	3440	;# 
   107   000D71                     RXF9SIDL        equ	3441	;# 
   108   000D72                     RXF9EIDH        equ	3442	;# 
   109   000D73                     RXF9EIDL        equ	3443	;# 
   110   000D74                     RXF10SIDH       equ	3444	;# 
   111   000D75                     RXF10SIDL       equ	3445	;# 
   112   000D76                     RXF10EIDH       equ	3446	;# 
   113   000D77                     RXF10EIDL       equ	3447	;# 
   114   000D78                     RXF11SIDH       equ	3448	;# 
   115   000D79                     RXF11SIDL       equ	3449	;# 
   116   000D7A                     RXF11EIDH       equ	3450	;# 
   117   000D7B                     RXF11EIDL       equ	3451	;# 
   118   000D80                     RXF12SIDH       equ	3456	;# 
   119   000D81                     RXF12SIDL       equ	3457	;# 
   120   000D82                     RXF12EIDH       equ	3458	;# 
   121   000D83                     RXF12EIDL       equ	3459	;# 
   122   000D84                     RXF13SIDH       equ	3460	;# 
   123   000D85                     RXF13SIDL       equ	3461	;# 
   124   000D86                     RXF13EIDH       equ	3462	;# 
   125   000D87                     RXF13EIDL       equ	3463	;# 
   126   000D88                     RXF14SIDH       equ	3464	;# 
   127   000D89                     RXF14SIDL       equ	3465	;# 
   128   000D8A                     RXF14EIDH       equ	3466	;# 
   129   000D8B                     RXF14EIDL       equ	3467	;# 
   130   000D90                     RXF15SIDH       equ	3472	;# 
   131   000D91                     RXF15SIDL       equ	3473	;# 
   132   000D92                     RXF15EIDH       equ	3474	;# 
   133   000D93                     RXF15EIDL       equ	3475	;# 
   134   000DD4                     RXFCON0         equ	3540	;# 
   135   000DD5                     RXFCON1         equ	3541	;# 
   136   000DD8                     SDFLC           equ	3544	;# 
   137   000DE0                     RXFBCON0        equ	3552	;# 
   138   000DE1                     RXFBCON1        equ	3553	;# 
   139   000DE2                     RXFBCON2        equ	3554	;# 
   140   000DE3                     RXFBCON3        equ	3555	;# 
   141   000DE4                     RXFBCON4        equ	3556	;# 
   142   000DE5                     RXFBCON5        equ	3557	;# 
   143   000DE6                     RXFBCON6        equ	3558	;# 
   144   000DE7                     RXFBCON7        equ	3559	;# 
   145   000DF0                     MSEL0           equ	3568	;# 
   146   000DF1                     MSEL1           equ	3569	;# 
   147   000DF2                     MSEL2           equ	3570	;# 
   148   000DF3                     MSEL3           equ	3571	;# 
   149   000DF8                     BSEL0           equ	3576	;# 
   150   000DFA                     BIE0            equ	3578	;# 
   151   000DFC                     TXBIE           equ	3580	;# 
   152   000E20                     B0CON           equ	3616	;# 
   153   000E21                     B0SIDH          equ	3617	;# 
   154   000E22                     B0SIDL          equ	3618	;# 
   155   000E23                     B0EIDH          equ	3619	;# 
   156   000E24                     B0EIDL          equ	3620	;# 
   157   000E25                     B0DLC           equ	3621	;# 
   158   000E26                     B0D0            equ	3622	;# 
   159   000E27                     B0D1            equ	3623	;# 
   160   000E28                     B0D2            equ	3624	;# 
   161   000E29                     B0D3            equ	3625	;# 
   162   000E2A                     B0D4            equ	3626	;# 
   163   000E2B                     B0D5            equ	3627	;# 
   164   000E2C                     B0D6            equ	3628	;# 
   165   000E2D                     B0D7            equ	3629	;# 
   166   000E2E                     CANSTAT_RO9     equ	3630	;# 
   167   000E2F                     CANCON_RO9      equ	3631	;# 
   168   000E30                     B1CON           equ	3632	;# 
   169   000E31                     B1SIDH          equ	3633	;# 
   170   000E32                     B1SIDL          equ	3634	;# 
   171   000E33                     B1EIDH          equ	3635	;# 
   172   000E34                     B1EIDL          equ	3636	;# 
   173   000E35                     B1DLC           equ	3637	;# 
   174   000E36                     B1D0            equ	3638	;# 
   175   000E37                     B1D1            equ	3639	;# 
   176   000E38                     B1D2            equ	3640	;# 
   177   000E39                     B1D3            equ	3641	;# 
   178   000E3A                     B1D4            equ	3642	;# 
   179   000E3B                     B1D5            equ	3643	;# 
   180   000E3C                     B1D6            equ	3644	;# 
   181   000E3D                     B1D7            equ	3645	;# 
   182   000E3E                     CANSTAT_RO8     equ	3646	;# 
   183   000E3F                     CANCON_RO8      equ	3647	;# 
   184   000E40                     B2CON           equ	3648	;# 
   185   000E41                     B2SIDH          equ	3649	;# 
   186   000E42                     B2SIDL          equ	3650	;# 
   187   000E43                     B2EIDH          equ	3651	;# 
   188   000E44                     B2EIDL          equ	3652	;# 
   189   000E45                     B2DLC           equ	3653	;# 
   190   000E46                     B2D0            equ	3654	;# 
   191   000E47                     B2D1            equ	3655	;# 
   192   000E48                     B2D2            equ	3656	;# 
   193   000E49                     B2D3            equ	3657	;# 
   194   000E4A                     B2D4            equ	3658	;# 
   195   000E4B                     B2D5            equ	3659	;# 
   196   000E4C                     B2D6            equ	3660	;# 
   197   000E4D                     B2D7            equ	3661	;# 
   198   000E4E                     CANSTAT_RO7     equ	3662	;# 
   199   000E4F                     CANCON_RO7      equ	3663	;# 
   200   000E50                     B3CON           equ	3664	;# 
   201   000E51                     B3SIDH          equ	3665	;# 
   202   000E52                     B3SIDL          equ	3666	;# 
   203   000E53                     B3EIDH          equ	3667	;# 
   204   000E54                     B3EIDL          equ	3668	;# 
   205   000E55                     B3DLC           equ	3669	;# 
   206   000E56                     B3D0            equ	3670	;# 
   207   000E57                     B3D1            equ	3671	;# 
   208   000E58                     B3D2            equ	3672	;# 
   209   000E59                     B3D3            equ	3673	;# 
   210   000E5A                     B3D4            equ	3674	;# 
   211   000E5B                     B3D5            equ	3675	;# 
   212   000E5C                     B3D6            equ	3676	;# 
   213   000E5D                     B3D7            equ	3677	;# 
   214   000E5E                     CANSTAT_RO6     equ	3678	;# 
   215   000E5F                     CANCON_RO6      equ	3679	;# 
   216   000E60                     B4CON           equ	3680	;# 
   217   000E61                     B4SIDH          equ	3681	;# 
   218   000E62                     B4SIDL          equ	3682	;# 
   219   000E63                     B4EIDH          equ	3683	;# 
   220   000E64                     B4EIDL          equ	3684	;# 
   221   000E65                     B4DLC           equ	3685	;# 
   222   000E66                     B4D0            equ	3686	;# 
   223   000E67                     B4D1            equ	3687	;# 
   224   000E68                     B4D2            equ	3688	;# 
   225   000E69                     B4D3            equ	3689	;# 
   226   000E6A                     B4D4            equ	3690	;# 
   227   000E6B                     B4D5            equ	3691	;# 
   228   000E6C                     B4D6            equ	3692	;# 
   229   000E6D                     B4D7            equ	3693	;# 
   230   000E6E                     CANSTAT_RO5     equ	3694	;# 
   231   000E6F                     CANCON_RO5      equ	3695	;# 
   232   000E70                     B5CON           equ	3696	;# 
   233   000E71                     B5SIDH          equ	3697	;# 
   234   000E72                     B5SIDL          equ	3698	;# 
   235   000E73                     B5EIDH          equ	3699	;# 
   236   000E74                     B5EIDL          equ	3700	;# 
   237   000E75                     B5DLC           equ	3701	;# 
   238   000E76                     B5D0            equ	3702	;# 
   239   000E77                     B5D1            equ	3703	;# 
   240   000E78                     B5D2            equ	3704	;# 
   241   000E79                     B5D3            equ	3705	;# 
   242   000E7A                     B5D4            equ	3706	;# 
   243   000E7B                     B5D5            equ	3707	;# 
   244   000E7C                     B5D6            equ	3708	;# 
   245   000E7D                     B5D7            equ	3709	;# 
   246   000E7E                     CANSTAT_RO4     equ	3710	;# 
   247   000E7F                     CANCON_RO4      equ	3711	;# 
   248   000F00                     RXF0SIDH        equ	3840	;# 
   249   000F01                     RXF0SIDL        equ	3841	;# 
   250   000F02                     RXF0EIDH        equ	3842	;# 
   251   000F03                     RXF0EIDL        equ	3843	;# 
   252   000F04                     RXF1SIDH        equ	3844	;# 
   253   000F05                     RXF1SIDL        equ	3845	;# 
   254   000F06                     RXF1EIDH        equ	3846	;# 
   255   000F07                     RXF1EIDL        equ	3847	;# 
   256   000F08                     RXF2SIDH        equ	3848	;# 
   257   000F09                     RXF2SIDL        equ	3849	;# 
   258   000F0A                     RXF2EIDH        equ	3850	;# 
   259   000F0B                     RXF2EIDL        equ	3851	;# 
   260   000F0C                     RXF3SIDH        equ	3852	;# 
   261   000F0D                     RXF3SIDL        equ	3853	;# 
   262   000F0E                     RXF3EIDH        equ	3854	;# 
   263   000F0F                     RXF3EIDL        equ	3855	;# 
   264   000F10                     RXF4SIDH        equ	3856	;# 
   265   000F11                     RXF4SIDL        equ	3857	;# 
   266   000F12                     RXF4EIDH        equ	3858	;# 
   267   000F13                     RXF4EIDL        equ	3859	;# 
   268   000F14                     RXF5SIDH        equ	3860	;# 
   269   000F15                     RXF5SIDL        equ	3861	;# 
   270   000F16                     RXF5EIDH        equ	3862	;# 
   271   000F17                     RXF5EIDL        equ	3863	;# 
   272   000F18                     RXM0SIDH        equ	3864	;# 
   273   000F19                     RXM0SIDL        equ	3865	;# 
   274   000F1A                     RXM0EIDH        equ	3866	;# 
   275   000F1B                     RXM0EIDL        equ	3867	;# 
   276   000F1C                     RXM1SIDH        equ	3868	;# 
   277   000F1D                     RXM1SIDL        equ	3869	;# 
   278   000F1E                     RXM1EIDH        equ	3870	;# 
   279   000F1F                     RXM1EIDL        equ	3871	;# 
   280   000F20                     TXB2CON         equ	3872	;# 
   281   000F21                     TXB2SIDH        equ	3873	;# 
   282   000F22                     TXB2SIDL        equ	3874	;# 
   283   000F23                     TXB2EIDH        equ	3875	;# 
   284   000F24                     TXB2EIDL        equ	3876	;# 
   285   000F25                     TXB2DLC         equ	3877	;# 
   286   000F26                     TXB2D0          equ	3878	;# 
   287   000F27                     TXB2D1          equ	3879	;# 
   288   000F28                     TXB2D2          equ	3880	;# 
   289   000F29                     TXB2D3          equ	3881	;# 
   290   000F2A                     TXB2D4          equ	3882	;# 
   291   000F2B                     TXB2D5          equ	3883	;# 
   292   000F2C                     TXB2D6          equ	3884	;# 
   293   000F2D                     TXB2D7          equ	3885	;# 
   294   000F2E                     CANSTAT_RO3     equ	3886	;# 
   295   000F2F                     CANCON_RO3      equ	3887	;# 
   296   000F30                     TXB1CON         equ	3888	;# 
   297   000F31                     TXB1SIDH        equ	3889	;# 
   298   000F32                     TXB1SIDL        equ	3890	;# 
   299   000F33                     TXB1EIDH        equ	3891	;# 
   300   000F34                     TXB1EIDL        equ	3892	;# 
   301   000F35                     TXB1DLC         equ	3893	;# 
   302   000F36                     TXB1D0          equ	3894	;# 
   303   000F37                     TXB1D1          equ	3895	;# 
   304   000F38                     TXB1D2          equ	3896	;# 
   305   000F39                     TXB1D3          equ	3897	;# 
   306   000F3A                     TXB1D4          equ	3898	;# 
   307   000F3B                     TXB1D5          equ	3899	;# 
   308   000F3C                     TXB1D6          equ	3900	;# 
   309   000F3D                     TXB1D7          equ	3901	;# 
   310   000F3E                     CANSTAT_RO2     equ	3902	;# 
   311   000F3F                     CANCON_RO2      equ	3903	;# 
   312   000F40                     TXB0CON         equ	3904	;# 
   313   000F41                     TXB0SIDH        equ	3905	;# 
   314   000F42                     TXB0SIDL        equ	3906	;# 
   315   000F43                     TXB0EIDH        equ	3907	;# 
   316   000F44                     TXB0EIDL        equ	3908	;# 
   317   000F45                     TXB0DLC         equ	3909	;# 
   318   000F46                     TXB0D0          equ	3910	;# 
   319   000F47                     TXB0D1          equ	3911	;# 
   320   000F48                     TXB0D2          equ	3912	;# 
   321   000F49                     TXB0D3          equ	3913	;# 
   322   000F4A                     TXB0D4          equ	3914	;# 
   323   000F4B                     TXB0D5          equ	3915	;# 
   324   000F4C                     TXB0D6          equ	3916	;# 
   325   000F4D                     TXB0D7          equ	3917	;# 
   326   000F4E                     CANSTAT_RO1     equ	3918	;# 
   327   000F4F                     CANCON_RO1      equ	3919	;# 
   328   000F50                     RXB1CON         equ	3920	;# 
   329   000F51                     RXB1SIDH        equ	3921	;# 
   330   000F52                     RXB1SIDL        equ	3922	;# 
   331   000F53                     RXB1EIDH        equ	3923	;# 
   332   000F54                     RXB1EIDL        equ	3924	;# 
   333   000F55                     RXB1DLC         equ	3925	;# 
   334   000F56                     RXB1D0          equ	3926	;# 
   335   000F57                     RXB1D1          equ	3927	;# 
   336   000F58                     RXB1D2          equ	3928	;# 
   337   000F59                     RXB1D3          equ	3929	;# 
   338   000F5A                     RXB1D4          equ	3930	;# 
   339   000F5B                     RXB1D5          equ	3931	;# 
   340   000F5C                     RXB1D6          equ	3932	;# 
   341   000F5D                     RXB1D7          equ	3933	;# 
   342   000F5E                     CANSTAT_RO0     equ	3934	;# 
   343   000F5F                     CANCON_RO0      equ	3935	;# 
   344   000F60                     RXB0CON         equ	3936	;# 
   345   000F61                     RXB0SIDH        equ	3937	;# 
   346   000F62                     RXB0SIDL        equ	3938	;# 
   347   000F63                     RXB0EIDH        equ	3939	;# 
   348   000F64                     RXB0EIDL        equ	3940	;# 
   349   000F65                     RXB0DLC         equ	3941	;# 
   350   000F66                     RXB0D0          equ	3942	;# 
   351   000F67                     RXB0D1          equ	3943	;# 
   352   000F68                     RXB0D2          equ	3944	;# 
   353   000F69                     RXB0D3          equ	3945	;# 
   354   000F6A                     RXB0D4          equ	3946	;# 
   355   000F6B                     RXB0D5          equ	3947	;# 
   356   000F6C                     RXB0D6          equ	3948	;# 
   357   000F6D                     RXB0D7          equ	3949	;# 
   358   000F6E                     CANSTAT         equ	3950	;# 
   359   000F6F                     CANCON          equ	3951	;# 
   360   000F70                     BRGCON1         equ	3952	;# 
   361   000F71                     BRGCON2         equ	3953	;# 
   362   000F72                     BRGCON3         equ	3954	;# 
   363   000F73                     CIOCON          equ	3955	;# 
   364   000F74                     COMSTAT         equ	3956	;# 
   365   000F75                     RXERRCNT        equ	3957	;# 
   366   000F76                     TXERRCNT        equ	3958	;# 
   367   000F77                     ECANCON         equ	3959	;# 
   368   000F80                     PORTA           equ	3968	;# 
   369   000F81                     PORTB           equ	3969	;# 
   370   000F82                     PORTC           equ	3970	;# 
   371   000F83                     PORTD           equ	3971	;# 
   372   000F84                     PORTE           equ	3972	;# 
   373   000F89                     LATA            equ	3977	;# 
   374   000F8A                     LATB            equ	3978	;# 
   375   000F8B                     LATC            equ	3979	;# 
   376   000F8C                     LATD            equ	3980	;# 
   377   000F8D                     LATE            equ	3981	;# 
   378   000F92                     TRISA           equ	3986	;# 
   379   000F92                     DDRA            equ	3986	;# 
   380   000F93                     TRISB           equ	3987	;# 
   381   000F93                     DDRB            equ	3987	;# 
   382   000F94                     TRISC           equ	3988	;# 
   383   000F94                     DDRC            equ	3988	;# 
   384   000F95                     TRISD           equ	3989	;# 
   385   000F95                     DDRD            equ	3989	;# 
   386   000F96                     TRISE           equ	3990	;# 
   387   000F96                     DDRE            equ	3990	;# 
   388   000F9B                     OSCTUNE         equ	3995	;# 
   389   000F9D                     PIE1            equ	3997	;# 
   390   000F9E                     PIR1            equ	3998	;# 
   391   000F9F                     IPR1            equ	3999	;# 
   392   000FA0                     PIE2            equ	4000	;# 
   393   000FA1                     PIR2            equ	4001	;# 
   394   000FA2                     IPR2            equ	4002	;# 
   395   000FA3                     PIE3            equ	4003	;# 
   396   000FA4                     PIR3            equ	4004	;# 
   397   000FA5                     IPR3            equ	4005	;# 
   398   000FA6                     EECON1          equ	4006	;# 
   399   000FA7                     EECON2          equ	4007	;# 
   400   000FA8                     EEDATA          equ	4008	;# 
   401   000FA9                     EEADR           equ	4009	;# 
   402   000FAB                     RCSTA           equ	4011	;# 
   403   000FAB                     RCSTA1          equ	4011	;# 
   404   000FAC                     TXSTA           equ	4012	;# 
   405   000FAC                     TXSTA1          equ	4012	;# 
   406   000FAD                     TXREG           equ	4013	;# 
   407   000FAD                     TXREG1          equ	4013	;# 
   408   000FAE                     RCREG           equ	4014	;# 
   409   000FAE                     RCREG1          equ	4014	;# 
   410   000FAF                     SPBRG           equ	4015	;# 
   411   000FAF                     SPBRG1          equ	4015	;# 
   412   000FB0                     SPBRGH          equ	4016	;# 
   413   000FB1                     T3CON           equ	4017	;# 
   414   000FB2                     TMR3            equ	4018	;# 
   415   000FB2                     TMR3L           equ	4018	;# 
   416   000FB3                     TMR3H           equ	4019	;# 
   417   000FB4                     CMCON           equ	4020	;# 
   418   000FB5                     CVRCON          equ	4021	;# 
   419   000FB6                     ECCP1AS         equ	4022	;# 
   420   000FB7                     ECCP1DEL        equ	4023	;# 
   421   000FB8                     BAUDCON         equ	4024	;# 
   422   000FB8                     BAUDCTL         equ	4024	;# 
   423   000FBA                     ECCP1CON        equ	4026	;# 
   424   000FBB                     ECCPR1          equ	4027	;# 
   425   000FBB                     ECCPR1L         equ	4027	;# 
   426   000FBC                     ECCPR1H         equ	4028	;# 
   427   000FBD                     CCP1CON         equ	4029	;# 
   428   000FBE                     CCPR1           equ	4030	;# 
   429   000FBE                     CCPR1L          equ	4030	;# 
   430   000FBF                     CCPR1H          equ	4031	;# 
   431   000FC0                     ADCON2          equ	4032	;# 
   432   000FC1                     ADCON1          equ	4033	;# 
   433   000FC2                     ADCON0          equ	4034	;# 
   434   000FC3                     ADRES           equ	4035	;# 
   435   000FC3                     ADRESL          equ	4035	;# 
   436   000FC4                     ADRESH          equ	4036	;# 
   437   000FC5                     SSPCON2         equ	4037	;# 
   438   000FC6                     SSPCON1         equ	4038	;# 
   439   000FC7                     SSPSTAT         equ	4039	;# 
   440   000FC8                     SSPADD          equ	4040	;# 
   441   000FC9                     SSPBUF          equ	4041	;# 
   442   000FCA                     T2CON           equ	4042	;# 
   443   000FCB                     PR2             equ	4043	;# 
   444   000FCB                     MEMCON          equ	4043	;# 
   445   000FCC                     TMR2            equ	4044	;# 
   446   000FCD                     T1CON           equ	4045	;# 
   447   000FCE                     TMR1            equ	4046	;# 
   448   000FCE                     TMR1L           equ	4046	;# 
   449   000FCF                     TMR1H           equ	4047	;# 
   450   000FD0                     RCON            equ	4048	;# 
   451   000FD1                     WDTCON          equ	4049	;# 
   452   000FD2                     HLVDCON         equ	4050	;# 
   453   000FD2                     LVDCON          equ	4050	;# 
   454   000FD3                     OSCCON          equ	4051	;# 
   455   000FD5                     T0CON           equ	4053	;# 
   456   000FD6                     TMR0            equ	4054	;# 
   457   000FD6                     TMR0L           equ	4054	;# 
   458   000FD7                     TMR0H           equ	4055	;# 
   459   000FD8                     STATUS          equ	4056	;# 
   460   000FD9                     FSR2            equ	4057	;# 
   461   000FD9                     FSR2L           equ	4057	;# 
   462   000FDA                     FSR2H           equ	4058	;# 
   463   000FDB                     PLUSW2          equ	4059	;# 
   464   000FDC                     PREINC2         equ	4060	;# 
   465   000FDD                     POSTDEC2        equ	4061	;# 
   466   000FDE                     POSTINC2        equ	4062	;# 
   467   000FDF                     INDF2           equ	4063	;# 
   468   000FE0                     BSR             equ	4064	;# 
   469   000FE1                     FSR1            equ	4065	;# 
   470   000FE1                     FSR1L           equ	4065	;# 
   471   000FE2                     FSR1H           equ	4066	;# 
   472   000FE3                     PLUSW1          equ	4067	;# 
   473   000FE4                     PREINC1         equ	4068	;# 
   474   000FE5                     POSTDEC1        equ	4069	;# 
   475   000FE6                     POSTINC1        equ	4070	;# 
   476   000FE7                     INDF1           equ	4071	;# 
   477   000FE8                     WREG            equ	4072	;# 
   478   000FE9                     FSR0            equ	4073	;# 
   479   000FE9                     FSR0L           equ	4073	;# 
   480   000FEA                     FSR0H           equ	4074	;# 
   481   000FEB                     PLUSW0          equ	4075	;# 
   482   000FEC                     PREINC0         equ	4076	;# 
   483   000FED                     POSTDEC0        equ	4077	;# 
   484   000FEE                     POSTINC0        equ	4078	;# 
   485   000FEF                     INDF0           equ	4079	;# 
   486   000FF0                     INTCON3         equ	4080	;# 
   487   000FF1                     INTCON2         equ	4081	;# 
   488   000FF2                     INTCON          equ	4082	;# 
   489   000FF3                     PROD            equ	4083	;# 
   490   000FF3                     PRODL           equ	4083	;# 
   491   000FF4                     PRODH           equ	4084	;# 
   492   000FF5                     TABLAT          equ	4085	;# 
   493   000FF6                     TBLPTR          equ	4086	;# 
   494   000FF6                     TBLPTRL         equ	4086	;# 
   495   000FF7                     TBLPTRH         equ	4087	;# 
   496   000FF8                     TBLPTRU         equ	4088	;# 
   497   000FF9                     PCLAT           equ	4089	;# 
   498   000FF9                     PC              equ	4089	;# 
   499   000FF9                     PCL             equ	4089	;# 
   500   000FFA                     PCLATH          equ	4090	;# 
   501   000FFB                     PCLATU          equ	4091	;# 
   502   000FFC                     STKPTR          equ	4092	;# 
   503   000FFD                     TOS             equ	4093	;# 
   504   000FFD                     TOSL            equ	4093	;# 
   505   000FFE                     TOSH            equ	4094	;# 
   506   000FFF                     TOSU            equ	4095	;# 
   507                           
   508                           	psect	idataCOMRAM
   509   003000                     __pidataCOMRAM:
   510                           	callstack 0
   511                           
   512                           ;initializer for _once
   513   003000  01                 	db	1
   514                           
   515                           	psect	nvCOMRAM
   516   000006                     __pnvCOMRAM:
   517                           	callstack 0
   518   000006                     _key:
   519                           	callstack 0
   520   000006                     	ds	1
   521   000F82                     _PORTC          set	3970
   522   000F81                     _PORTB          set	3969
   523   000F94                     _TRISC          set	3988
   524   000F93                     _TRISB          set	3987
   525                           
   526                           ; #config settings
   527                           
   528                           	psect	cinit
   529   00073C                     __pcinit:
   530                           	callstack 0
   531   00073C                     start_initialization:
   532                           	callstack 0
   533   00073C                     __initialization:
   534                           	callstack 0
   535                           
   536                           ; Initialize objects allocated to COMRAM (1 bytes)
   537                           ; load TBLPTR registers with __pidataCOMRAM
   538   00073C  0E00               	movlw	low __pidataCOMRAM
   539   00073E  6EF6               	movwf	tblptrl,c
   540   000740  0E30               	movlw	high __pidataCOMRAM
   541   000742  6EF7               	movwf	tblptrh,c
   542   000744  0E00               	movlw	low (__pidataCOMRAM shr (0+16))
   543   000746  6EF8               	movwf	tblptru,c
   544   000748  0009               	tblrd		*+	;fetch initializer
   545   00074A  CFF5 F007          	movff	tablat,__pdataCOMRAM
   546   00074E                     end_of_initialization:
   547                           	callstack 0
   548   00074E                     __end_of__initialization:
   549                           	callstack 0
   550   00074E  0100               	movlb	0
   551   000750  EF01  F003         	goto	_main	;jump to C main() function
   552                           
   553                           	psect	dataCOMRAM
   554   000007                     __pdataCOMRAM:
   555                           	callstack 0
   556   000007                     _once:
   557                           	callstack 0
   558   000007                     	ds	1
   559                           
   560                           	psect	cstackCOMRAM
   561   000001                     __pcstackCOMRAM:
   562                           	callstack 0
   563   000001                     read_switch@detect_type:
   564                           	callstack 0
   565   000001                     
   566                           ; 1 bytes @ 0x0
   567   000001                     	ds	1
   568   000002                     main@delay:
   569                           	callstack 0
   570   000002                     
   571                           ; 1 bytes @ 0x1
   572   000002                     	ds	4
   573                           
   574 ;;
   575 ;;Main: autosize = 0, tempsize = 0, incstack = 0, save=0
   576 ;;
   577 ;; *************** function _main *****************
   578 ;; Defined at:
   579 ;;		line 23 in file "main.c"
   580 ;; Parameters:    Size  Location     Type
   581 ;;		None
   582 ;; Auto vars:     Size  Location     Type
   583 ;;  delay           4    1[COMRAM] unsigned long 
   584 ;; Return value:  Size  Location     Type
   585 ;;                  1    wreg      void 
   586 ;; Registers used:
   587 ;;		wreg, status,2, status,0, cstack
   588 ;; Tracked objects:
   589 ;;		On entry : 0/0
   590 ;;		On exit  : 0/0
   591 ;;		Unchanged: 0/0
   592 ;; Data sizes:     COMRAM   BANK0   BANK1   BANK2   BANK3   BANK4   BANK5
   593 ;;      Params:         0       0       0       0       0       0       0
   594 ;;      Locals:         4       0       0       0       0       0       0
   595 ;;      Temps:          0       0       0       0       0       0       0
   596 ;;      Totals:         4       0       0       0       0       0       0
   597 ;;Total ram usage:        4 bytes
   598 ;; Hardware stack levels required when called: 1
   599 ;; This function calls:
   600 ;;		_read_switch
   601 ;; This function is called by:
   602 ;;		Startup code after reset
   603 ;; This function uses a non-reentrant model
   604 ;;
   605                           
   606                           	psect	text0
   607   000602                     __ptext0:
   608                           	callstack 0
   609   000602                     _main:
   610                           	callstack 30
   611   000602                     
   612                           ;main.c: 24:     TRISB = 0x00;
   613   000602  6A93               	clrf	147,c	;volatile
   614   000604                     
   615                           ;main.c: 25:     TRISC |= 0x0F;
   616   000604  0E0F               	movlw	15
   617   000606  1294               	iorwf	148,f,c	;volatile
   618   000608                     
   619                           ;main.c: 27:     PORTB = 0X00;
   620   000608  6A81               	clrf	129,c	;volatile
   621   00060A                     
   622                           ;main.c: 28:     unsigned long int delay = 0;
   623   00060A  0E00               	movlw	0
   624   00060C  6E02               	movwf	main@delay^0,c
   625   00060E  0E00               	movlw	0
   626   000610  6E03               	movwf	(main@delay+1)^0,c
   627   000612  0E00               	movlw	0
   628   000614  6E04               	movwf	(main@delay+2)^0,c
   629   000616  0E00               	movlw	0
   630   000618  6E05               	movwf	(main@delay+3)^0,c
   631   00061A                     l864:
   632                           
   633                           ;main.c: 31:         key = read_switch(0);
   634   00061A  0E00               	movlw	0
   635   00061C  EC66  F003         	call	_read_switch
   636   000620  6E06               	movwf	_key^0,c
   637   000622                     
   638                           ;main.c: 32:         if (delay++ == 100000) {
   639   000622  0E01               	movlw	1
   640   000624  2602               	addwf	main@delay^0,f,c
   641   000626  0E00               	movlw	0
   642   000628  2203               	addwfc	(main@delay+1)^0,f,c
   643   00062A  2204               	addwfc	(main@delay+2)^0,f,c
   644   00062C  2205               	addwfc	(main@delay+3)^0,f,c
   645   00062E  0EA1               	movlw	161
   646   000630  1802               	xorwf	main@delay^0,w,c
   647   000632  E10A               	bnz	u61
   648   000634  0E86               	movlw	134
   649   000636  1803               	xorwf	(main@delay+1)^0,w,c
   650   000638  E107               	bnz	u61
   651   00063A  0404               	decf	(main@delay+2)^0,w,c
   652   00063C  1005               	iorwf	(main@delay+3)^0,w,c
   653   00063E  A4D8               	btfss	status,2,c
   654   000640  EF24  F003         	goto	u61
   655   000644  EF26  F003         	goto	u60
   656   000648                     u61:
   657   000648  EF0D  F003         	goto	l864
   658   00064C                     u60:
   659   00064C                     
   660                           ;main.c: 33:             delay = 0;
   661   00064C  0E00               	movlw	0
   662   00064E  6E02               	movwf	main@delay^0,c
   663   000650  0E00               	movlw	0
   664   000652  6E03               	movwf	(main@delay+1)^0,c
   665   000654  0E00               	movlw	0
   666   000656  6E04               	movwf	(main@delay+2)^0,c
   667   000658  0E00               	movlw	0
   668   00065A  6E05               	movwf	(main@delay+3)^0,c
   669   00065C                     
   670                           ;main.c: 35:             if (key == 0x0E) {
   671   00065C  0E0E               	movlw	14
   672   00065E  1806               	xorwf	_key^0,w,c
   673   000660  A4D8               	btfss	status,2,c
   674   000662  EF35  F003         	goto	u71
   675   000666  EF37  F003         	goto	u70
   676   00066A                     u71:
   677   00066A  EF3B  F003         	goto	l874
   678   00066E                     u70:
   679   00066E                     
   680                           ;main.c: 37:                 PORTB = 0X01;
   681   00066E  0E01               	movlw	1
   682   000670  6E81               	movwf	129,c	;volatile
   683                           
   684                           ;main.c: 38:             } else if (key == 0x0D) {
   685   000672  EF0D  F003         	goto	l864
   686   000676                     l874:
   687   000676  0E0D               	movlw	13
   688   000678  1806               	xorwf	_key^0,w,c
   689   00067A  A4D8               	btfss	status,2,c
   690   00067C  EF42  F003         	goto	u81
   691   000680  EF44  F003         	goto	u80
   692   000684                     u81:
   693   000684  EF48  F003         	goto	l878
   694   000688                     u80:
   695   000688                     
   696                           ;main.c: 40:                 PORTB = 0X03;
   697   000688  0E03               	movlw	3
   698   00068A  6E81               	movwf	129,c	;volatile
   699                           
   700                           ;main.c: 41:             } else if (key == 0x0B) {
   701   00068C  EF0D  F003         	goto	l864
   702   000690                     l878:
   703   000690  0E0B               	movlw	11
   704   000692  1806               	xorwf	_key^0,w,c
   705   000694  A4D8               	btfss	status,2,c
   706   000696  EF4F  F003         	goto	u91
   707   00069A  EF51  F003         	goto	u90
   708   00069E                     u91:
   709   00069E  EF55  F003         	goto	l882
   710   0006A2                     u90:
   711   0006A2                     
   712                           ;main.c: 43:                 PORTB = 0XAA;
   713   0006A2  0EAA               	movlw	170
   714   0006A4  6E81               	movwf	129,c	;volatile
   715                           
   716                           ;main.c: 44:             } else if (key == 0x07) {
   717   0006A6  EF0D  F003         	goto	l864
   718   0006AA                     l882:
   719   0006AA  0E07               	movlw	7
   720   0006AC  1806               	xorwf	_key^0,w,c
   721   0006AE  A4D8               	btfss	status,2,c
   722   0006B0  EF5C  F003         	goto	u101
   723   0006B4  EF5E  F003         	goto	u100
   724   0006B8                     u101:
   725   0006B8  EF61  F003         	goto	l27
   726   0006BC                     u100:
   727   0006BC                     
   728                           ;main.c: 46:                 PORTB = 0XFF;
   729   0006BC  6881               	setf	129,c	;volatile
   730                           
   731                           ;main.c: 47:             } else {
   732   0006BE  EF0D  F003         	goto	l864
   733   0006C2                     l27:
   734                           
   735                           ;main.c: 48:                 PORTB = 0X00;
   736   0006C2  6A81               	clrf	129,c	;volatile
   737   0006C4  EF0D  F003         	goto	l864
   738   0006C8  EFFE  F017         	goto	start
   739   0006CC                     __end_of_main:
   740                           	callstack 0
   741                           
   742 ;; *************** function _read_switch *****************
   743 ;; Defined at:
   744 ;;		line 55 in file "main.c"
   745 ;; Parameters:    Size  Location     Type
   746 ;;  detect_type     1    wreg     unsigned char 
   747 ;; Auto vars:     Size  Location     Type
   748 ;;  detect_type     1    0[COMRAM] unsigned char 
   749 ;; Return value:  Size  Location     Type
   750 ;;                  1    wreg      unsigned char 
   751 ;; Registers used:
   752 ;;		wreg, status,2, status,0
   753 ;; Tracked objects:
   754 ;;		On entry : 0/0
   755 ;;		On exit  : 0/0
   756 ;;		Unchanged: 0/0
   757 ;; Data sizes:     COMRAM   BANK0   BANK1   BANK2   BANK3   BANK4   BANK5
   758 ;;      Params:         0       0       0       0       0       0       0
   759 ;;      Locals:         1       0       0       0       0       0       0
   760 ;;      Temps:          0       0       0       0       0       0       0
   761 ;;      Totals:         1       0       0       0       0       0       0
   762 ;;Total ram usage:        1 bytes
   763 ;; Hardware stack levels used: 1
   764 ;; This function calls:
   765 ;;		Nothing
   766 ;; This function is called by:
   767 ;;		_main
   768 ;; This function uses a non-reentrant model
   769 ;;
   770                           
   771                           	psect	text1
   772   0006CC                     __ptext1:
   773                           	callstack 0
   774   0006CC                     _read_switch:
   775                           	callstack 30
   776                           
   777                           ;incstack = 0
   778                           ;read_switch@detect_type stored from wreg
   779   0006CC  6E01               	movwf	read_switch@detect_type^0,c
   780   0006CE                     
   781                           ;main.c: 56:     if (detect_type == 0)
   782   0006CE  5001               	movf	read_switch@detect_type^0,w,c
   783   0006D0  A4D8               	btfss	status,2,c
   784   0006D2  EF6D  F003         	goto	u11
   785   0006D6  EF6F  F003         	goto	u10
   786   0006DA                     u11:
   787   0006DA  EF73  F003         	goto	l834
   788   0006DE                     u10:
   789   0006DE                     l828:
   790                           
   791                           ;main.c: 57:         return PORTC & 0x0F;
   792   0006DE  5082               	movf	130,w,c	;volatile
   793   0006E0  0B0F               	andlw	15
   794   0006E2  EF9D  F003         	goto	l35
   795   0006E6                     l834:
   796   0006E6  0401               	decf	read_switch@detect_type^0,w,c
   797   0006E8  A4D8               	btfss	status,2,c
   798   0006EA  EF79  F003         	goto	u21
   799   0006EE  EF7B  F003         	goto	u20
   800   0006F2                     u21:
   801   0006F2  EF9C  F003         	goto	l852
   802   0006F6                     u20:
   803   0006F6                     
   804                           ;main.c: 59:         if ((PORTC & 0x0F) != 0x0F && once) {
   805   0006F6  5082               	movf	130,w,c	;volatile
   806   0006F8  0B0F               	andlw	15
   807   0006FA  0A0F               	xorlw	15
   808   0006FC  B4D8               	btfsc	status,2,c
   809   0006FE  EF83  F003         	goto	u31
   810   000702  EF85  F003         	goto	u30
   811   000706                     u31:
   812   000706  EF90  F003         	goto	l848
   813   00070A                     u30:
   814   00070A  5007               	movf	_once^0,w,c
   815   00070C  B4D8               	btfsc	status,2,c
   816   00070E  EF8B  F003         	goto	u41
   817   000712  EF8D  F003         	goto	u40
   818   000716                     u41:
   819   000716  EF90  F003         	goto	l848
   820   00071A                     u40:
   821   00071A                     
   822                           ;main.c: 60:             once = 0;
   823   00071A  6A07               	clrf	_once^0,c
   824   00071C  EF6F  F003         	goto	l828
   825   000720                     l848:
   826   000720  5082               	movf	130,w,c	;volatile
   827   000722  0B0F               	andlw	15
   828   000724  0A0F               	xorlw	15
   829   000726  A4D8               	btfss	status,2,c
   830   000728  EF98  F003         	goto	u51
   831   00072C  EF9A  F003         	goto	u50
   832   000730                     u51:
   833   000730  EF9C  F003         	goto	l852
   834   000734                     u50:
   835   000734                     
   836                           ;main.c: 63:             once = 1;
   837   000734  0E01               	movlw	1
   838   000736  6E07               	movwf	_once^0,c
   839   000738                     l852:
   840                           
   841                           ;main.c: 65:     return 0x0F;
   842   000738  0E0F               	movlw	15
   843   00073A                     l35:
   844   00073A  0012               	return		;funcret
   845   00073C                     __end_of_read_switch:
   846                           	callstack 0
   847                           
   848                           	psect	smallconst
   849   000600                     __psmallconst:
   850                           	callstack 0
   851   000600  00                 	db	0
   852   000601  00                 	db	0	; dummy byte at the end
   853   000600                     __smallconst    set	__psmallconst
   854   000600                     __mediumconst   set	__psmallconst
   855   000000                     __activetblptr  equ	0
   856                           
   857                           	psect	rparam
   858   000001                     ___rparam_used  equ	1
   859   000000                     ___param_bank   equ	0
   860   000000                     __Lparam        equ	__Lrparam
   861   000000                     __Hparam        equ	__Hrparam
   862                           
   863                           	psect	idloc
   864                           
   865                           ;Config register IDLOC0 @ 0x200000
   866                           ;	unspecified, using default values
   867   200000                     	org	2097152
   868   200000  FF                 	db	255
   869                           
   870                           ;Config register IDLOC1 @ 0x200001
   871                           ;	unspecified, using default values
   872   200001                     	org	2097153
   873   200001  FF                 	db	255
   874                           
   875                           ;Config register IDLOC2 @ 0x200002
   876                           ;	unspecified, using default values
   877   200002                     	org	2097154
   878   200002  FF                 	db	255
   879                           
   880                           ;Config register IDLOC3 @ 0x200003
   881                           ;	unspecified, using default values
   882   200003                     	org	2097155
   883   200003  FF                 	db	255
   884                           
   885                           ;Config register IDLOC4 @ 0x200004
   886                           ;	unspecified, using default values
   887   200004                     	org	2097156
   888   200004  FF                 	db	255
   889                           
   890                           ;Config register IDLOC5 @ 0x200005
   891                           ;	unspecified, using default values
   892   200005                     	org	2097157
   893   200005  FF                 	db	255
   894                           
   895                           ;Config register IDLOC6 @ 0x200006
   896                           ;	unspecified, using default values
   897   200006                     	org	2097158
   898   200006  FF                 	db	255
   899                           
   900                           ;Config register IDLOC7 @ 0x200007
   901                           ;	unspecified, using default values
   902   200007                     	org	2097159
   903   200007  FF                 	db	255
   904                           
   905                           	psect	config
   906                           
   907                           ; Padding undefined space
   908   300000                     	org	3145728
   909   300000  FF                 	db	255
   910                           
   911                           ;Config register CONFIG1H @ 0x300001
   912                           ;	unspecified, using default values
   913                           ;	Oscillator Selection bits
   914                           ;	OSC = 0x7, unprogrammed default
   915                           ;	Fail-Safe Clock Monitor Enable bit
   916                           ;	FCMEN = 0x0, unprogrammed default
   917                           ;	Internal/External Oscillator Switchover bit
   918                           ;	IESO = 0x0, unprogrammed default
   919   300001                     	org	3145729
   920   300001  07                 	db	7
   921                           
   922                           ;Config register CONFIG2L @ 0x300002
   923                           ;	unspecified, using default values
   924                           ;	Power-up Timer Enable bit
   925                           ;	PWRT = 0x1, unprogrammed default
   926                           ;	Brown-out Reset Enable bits
   927                           ;	BOREN = 0x3, unprogrammed default
   928                           ;	Brown-out Reset Voltage bits
   929                           ;	BORV = 0x3, unprogrammed default
   930   300002                     	org	3145730
   931   300002  1F                 	db	31
   932                           
   933                           ;Config register CONFIG2H @ 0x300003
   934                           ;	unspecified, using default values
   935                           ;	Watchdog Timer Enable bit
   936                           ;	WDT = 0x1, unprogrammed default
   937                           ;	Watchdog Timer Postscale Select bits
   938                           ;	WDTPS = 0xF, unprogrammed default
   939   300003                     	org	3145731
   940   300003  1F                 	db	31
   941                           
   942                           ; Padding undefined space
   943   300004                     	org	3145732
   944   300004  FF                 	db	255
   945                           
   946                           ;Config register CONFIG3H @ 0x300005
   947                           ;	unspecified, using default values
   948                           ;	PORTB A/D Enable bit
   949                           ;	PBADEN = 0x1, unprogrammed default
   950                           ;	Low-Power Timer 1 Oscillator Enable bit
   951                           ;	LPT1OSC = 0x0, unprogrammed default
   952                           ;	MCLR Pin Enable bit
   953                           ;	MCLRE = 0x1, unprogrammed default
   954   300005                     	org	3145733
   955   300005  82                 	db	130
   956                           
   957                           ;Config register CONFIG4L @ 0x300006
   958                           ;	unspecified, using default values
   959                           ;	Stack Full/Underflow Reset Enable bit
   960                           ;	STVREN = 0x1, unprogrammed default
   961                           ;	Single-Supply ICSP Enable bit
   962                           ;	LVP = 0x1, unprogrammed default
   963                           ;	Boot Block Size Select bit
   964                           ;	BBSIZ = 0x0, unprogrammed default
   965                           ;	Extended Instruction Set Enable bit
   966                           ;	XINST = 0x0, unprogrammed default
   967                           ;	Background Debugger Enable bit
   968                           ;	DEBUG = 0x1, unprogrammed default
   969   300006                     	org	3145734
   970   300006  85                 	db	133
   971                           
   972                           ; Padding undefined space
   973   300007                     	org	3145735
   974   300007  FF                 	db	255
   975                           
   976                           ;Config register CONFIG5L @ 0x300008
   977                           ;	unspecified, using default values
   978                           ;	Code Protection bit
   979                           ;	CP0 = 0x1, unprogrammed default
   980                           ;	Code Protection bit
   981                           ;	CP1 = 0x1, unprogrammed default
   982                           ;	Code Protection bit
   983                           ;	CP2 = 0x1, unprogrammed default
   984                           ;	Code Protection bit
   985                           ;	CP3 = 0x1, unprogrammed default
   986   300008                     	org	3145736
   987   300008  0F                 	db	15
   988                           
   989                           ;Config register CONFIG5H @ 0x300009
   990                           ;	unspecified, using default values
   991                           ;	Boot Block Code Protection bit
   992                           ;	CPB = 0x1, unprogrammed default
   993                           ;	Data EEPROM Code Protection bit
   994                           ;	CPD = 0x1, unprogrammed default
   995   300009                     	org	3145737
   996   300009  C0                 	db	192
   997                           
   998                           ;Config register CONFIG6L @ 0x30000A
   999                           ;	unspecified, using default values
  1000                           ;	Write Protection bit
  1001                           ;	WRT0 = 0x1, unprogrammed default
  1002                           ;	Write Protection bit
  1003                           ;	WRT1 = 0x1, unprogrammed default
  1004                           ;	Write Protection bit
  1005                           ;	WRT2 = 0x1, unprogrammed default
  1006                           ;	Write Protection bit
  1007                           ;	WRT3 = 0x1, unprogrammed default
  1008   30000A                     	org	3145738
  1009   30000A  0F                 	db	15
  1010                           
  1011                           ;Config register CONFIG6H @ 0x30000B
  1012                           ;	unspecified, using default values
  1013                           ;	Configuration Register Write Protection bit
  1014                           ;	WRTC = 0x1, unprogrammed default
  1015                           ;	Boot Block Write Protection bit
  1016                           ;	WRTB = 0x1, unprogrammed default
  1017                           ;	Data EEPROM Write Protection bit
  1018                           ;	WRTD = 0x1, unprogrammed default
  1019   30000B                     	org	3145739
  1020   30000B  E0                 	db	224
  1021                           
  1022                           ;Config register CONFIG7L @ 0x30000C
  1023                           ;	unspecified, using default values
  1024                           ;	Table Read Protection bit
  1025                           ;	EBTR0 = 0x1, unprogrammed default
  1026                           ;	Table Read Protection bit
  1027                           ;	EBTR1 = 0x1, unprogrammed default
  1028                           ;	Table Read Protection bit
  1029                           ;	EBTR2 = 0x1, unprogrammed default
  1030                           ;	Table Read Protection bit
  1031                           ;	EBTR3 = 0x1, unprogrammed default
  1032   30000C                     	org	3145740
  1033   30000C  0F                 	db	15
  1034                           
  1035                           ;Config register CONFIG7H @ 0x30000D
  1036                           ;	unspecified, using default values
  1037                           ;	Boot Block Table Read Protection bit
  1038                           ;	EBTRB = 0x1, unprogrammed default
  1039   30000D                     	org	3145741
  1040   30000D  40                 	db	64
  1041                           tosu	equ	0xFFF
  1042                           tosh	equ	0xFFE
  1043                           tosl	equ	0xFFD
  1044                           stkptr	equ	0xFFC
  1045                           pclatu	equ	0xFFB
  1046                           pclath	equ	0xFFA
  1047                           pcl	equ	0xFF9
  1048                           tblptru	equ	0xFF8
  1049                           tblptrh	equ	0xFF7
  1050                           tblptrl	equ	0xFF6
  1051                           tablat	equ	0xFF5
  1052                           prodh	equ	0xFF4
  1053                           prodl	equ	0xFF3
  1054                           indf0	equ	0xFEF
  1055                           postinc0	equ	0xFEE
  1056                           postdec0	equ	0xFED
  1057                           preinc0	equ	0xFEC
  1058                           plusw0	equ	0xFEB
  1059                           fsr0h	equ	0xFEA
  1060                           fsr0l	equ	0xFE9
  1061                           wreg	equ	0xFE8
  1062                           indf1	equ	0xFE7
  1063                           postinc1	equ	0xFE6
  1064                           postdec1	equ	0xFE5
  1065                           preinc1	equ	0xFE4
  1066                           plusw1	equ	0xFE3
  1067                           fsr1h	equ	0xFE2
  1068                           fsr1l	equ	0xFE1
  1069                           bsr	equ	0xFE0
  1070                           indf2	equ	0xFDF
  1071                           postinc2	equ	0xFDE
  1072                           postdec2	equ	0xFDD
  1073                           preinc2	equ	0xFDC
  1074                           plusw2	equ	0xFDB
  1075                           fsr2h	equ	0xFDA
  1076                           fsr2l	equ	0xFD9
  1077                           status	equ	0xFD8

Data Sizes:
    Strings     0
    Constant    0
    Data        1
    BSS         0
    Persistent  1
    Stack       0

Auto Spaces:
    Space          Size  Autos    Used
    COMRAM           95      5       7
    BANK0           160      0       0
    BANK1           256      0       0
    BANK2           256      0       0
    BANK3           256      0       0
    BANK4           256      0       0
    BANK5           256      0       0

Pointer List with Targets:

    None.

Critical Paths under _main in COMRAM

    _main->_read_switch

Critical Paths under _main in BANK0

    None.

Critical Paths under _main in BANK1

    None.

Critical Paths under _main in BANK2

    None.

Critical Paths under _main in BANK3

    None.

Critical Paths under _main in BANK4

    None.

Critical Paths under _main in BANK5

    None.

Call Graph Tables:

 ---------------------------------------------------------------------------------
 (Depth) Function   	        Calls       Base Space   Used Autos Params    Refs
 ---------------------------------------------------------------------------------
 (0) _main                                                 4     4      0      45
                                              1 COMRAM     4     4      0
                        _read_switch
 ---------------------------------------------------------------------------------
 (1) _read_switch                                          1     1      0      30
                                              0 COMRAM     1     1      0
 ---------------------------------------------------------------------------------
 Estimated maximum stack depth 1
 ---------------------------------------------------------------------------------

 Call Graph Graphs:

 _main (ROOT)
   _read_switch

Address spaces:
Name               Size   Autos  Total    Usage
BIGRAM            1535      0       0      0.0%
BITBIGSFRl         641      0       0      0.0%
BITBANK5           256      0       0      0.0%
BANK5              256      0       0      0.0%
BITBANK4           256      0       0      0.0%
BANK4              256      0       0      0.0%
BITBANK3           256      0       0      0.0%
BANK3              256      0       0      0.0%
BITBANK2           256      0       0      0.0%
BANK2              256      0       0      0.0%
BITBANK1           256      0       0      0.0%
BANK1              256      0       0      0.0%
BITBANK0           160      0       0      0.0%
BANK0              160      0       0      0.0%
BITBIGSFRh         126      0       0      0.0%
BITCOMRAM           95      0       0      0.0%
COMRAM              95      5       7      7.4%
STACK                0      0       0      0.0%
DATA                 0      0       7      0.0%


Microchip Technology PIC18 Macro Assembler V3.10 build 20250813170317 
Symbol Table                                                                                   Fri Feb 27 09:13:32 2026

                     l35 073A                       l27 06C2                       u10 06DE  
                     u11 06DA                       u20 06F6                       u21 06F2  
                     u30 070A                       u31 0706                       u40 071A  
                     u41 0716                       u50 0734                       u51 0730  
                     u60 064C                       u61 0648                       u70 066E  
                     u71 066A                       u80 0688                       u81 0684  
                     u90 06A2                       u91 069E                      l840 071A  
                    l850 0734                      l834 06E6                      l826 06CE  
                    l836 06F6                      l852 0738                      l828 06DE  
                    l860 0608                      l838 070A                      l870 065C  
                    l862 060A                      l848 0720                      l880 06A2  
                    l872 066E                      l864 061A                      l856 0602  
                    l882 06AA                      l874 0676                      l866 0622  
                    l858 0604                      l884 06BC                      l876 0688  
                    l868 064C                      l878 0690                      u100 06BC  
                    u101 06B8                      _key 0006                     _main 0602  
                   _once 0007                     start 2FFC             ___param_bank 0000  
                  ?_main 0001                    _PORTB 0F81                    _PORTC 0F82  
                  _TRISB 0F93                    _TRISC 0F94             ?_read_switch 0001  
                  tablat 0FF5                    status 0FD8          __initialization 073C  
           __end_of_main 06CC                   ??_main 0002            __activetblptr 0000  
                 isa$std 0001             __pdataCOMRAM 0007             __mediumconst 0600  
                 tblptrh 0FF7                   tblptrl 0FF6                   tblptru 0FF8  
             __accesstop 0060  __end_of__initialization 074E            ___rparam_used 0001  
         __pcstackCOMRAM 0001               __pnvCOMRAM 0006                  __Hparam 0000  
                __Lparam 0000             __psmallconst 0600                  __pcinit 073C  
                __ramtop 0600                  __ptext0 0602                  __ptext1 06CC  
   end_of_initialization 074E            __pidataCOMRAM 3000      start_initialization 073C  
          ??_read_switch 0001              __smallconst 0600      __end_of_read_switch 073C  
              main@delay 0002                 __Hrparam 0000                 __Lrparam 0000  
            _read_switch 06CC                 isa$xinst 0000   read_switch@detect_type 0001  
